Case 2-dimensional array :
0 0 190
0 1 0
0 2 0
0 3 0
0 4 0
0 5 0
0 6 0
0 7 0
0 8 0
0 9 0
0 10 0
0 11 0
0 12 0
0 13 0
0 14 0
0 15 0
0 16 0
0 17 0
0 18 0
0 19 0
0 20 0
0 21 0
0 22 0
0 23 0
0 24 0
0 25 0
0 26 0
0 27 0
0 28 0
0 29 0
0 30 0
0 31 0
0 32 0
0 33 0
0 34 0
0 35 0
0 36 0
0 37 0
0 38 0
0 39 0
0 40 0
0 41 0
0 42 0
0 43 0
0 44 0
0 45 0
0 46 0
0 47 0
0 48 0
0 49 0
0 50 0
0 51 0
0 52 0
0 53 0
0 54 0
0 55 0
0 56 0
0 57 0
0 58 0
0 59 0
1 0 0
1 1 35
1 2 0
1 3 0
1 4 0
1 5 0
1 6 0
1 7 0
1 8 0
1 9 0
1 10 0
1 11 0
1 12 0
1 13 0
1 14 0
1 15 0
1 16 0
1 17 0
1 18 0
1 19 0
1 20 0
1 21 0
1 22 0
1 23 0
1 24 0
1 25 0
1 26 0
1 27 0
1 28 0
1 29 0
1 30 0
1 31 0
1 32 0
1 33 0
1 34 0
1 35 0
1 36 0
1 37 0
1 38 0
1 39 0
1 40 0
1 41 0
1 42 0
1 43 0
1 44 0
1 45 0
1 46 0
1 47 0
1 48 0
1 49 0
1 50 0
1 51 0
1 52 0
1 53 0
1 54 0
1 55 0
1 56 0
1 57 0
1 58 0
1 59 0
2 0 0
2 1 0
2 2 142
2 3 0
2 4 0
2 5 0
2 6 0
2 7 0
2 8 0
2 9 0
2 10 0
2 11 0
2 12 0
2 13 0
2 14 0
2 15 0
2 16 0
2 17 0
2 18 0
2 19 0
2 20 0
2 21 0
2 22 0
2 23 0
2 24 0
2 25 0
2 26 0
2 27 0
2 28 0
2 29 0
2 30 0
2 31 0
2 32 0
2 33 0
2 34 0
2 35 0
2 36 0
2 37 0
2 38 0
2 39 0
2 40 0
2 41 0
2 42 0
2 43 0
2 44 0
2 45 0
2 46 0
2 47 0
2 48 0
2 49 0
2 50 0
2 51 0
2 52 0
2 53 0
2 54 0
2 55 0
2 56 0
2 57 0
2 58 0
2 59 0
3 0 0
3 1 0
3 2 79
3 3 0
3 4 0
3 5 0
3 6 0
3 7 0
3 8 0
3 9 0
3 10 0
3 11 0
3 12 0
3 13 0
3 14 0
3 15 0
3 16 0
3 17 0
3 18 0
3 19 0
3 20 0
3 21 0
3 22 0
3 23 0
3 24 0
3 25 0
3 26 0
3 27 0
3 28 0
3 29 0
3 30 0
3 31 0
3 32 0
3 33 0
3 34 0
3 35 0
3 36 0
3 37 0
3 38 0
3 39 0
3 40 0
3 41 0
3 42 0
3 43 0
3 44 0
3 45 0
3 46 0
3 47 0
3 48 0
3 49 0
3 50 0
3 51 0
3 52 0
3 53 0
3 54 0
3 55 0
3 56 0
3 57 0
3 58 0
3 59 0
4 0 25
4 1 134
4 2 0
4 3 0
4 4 0
4 5 0
4 6 0
4 7 0
4 8 0
4 9 0
4 10 0
4 11 0
4 12 0
4 13 0
4 14 0
4 15 0
4 16 0
4 17 0
4 18 0
4 19 0
4 20 0
4 21 0
4 22 0
4 23 0
4 24 0
4 25 0
4 26 0
4 27 0
4 28 0
4 29 0
4 30 0
4 31 0
4 32 0
4 33 0
4 34 0
4 35 0
4 36 0
4 37 0
4 38 0
4 39 0
4 40 0
4 41 0
4 42 0
4 43 0
4 44 0
4 45 0
4 46 0
4 47 0
4 48 0
4 49 0
4 50 0
4 51 0
4 52 0
4 53 0
4 54 0
4 55 0
4 56 0
4 57 0
4 58 0
4 59 0
5 0 35
5 1 32
5 2 0
5 3 0
5 4 172
5 5 152
5 6 0
5 7 0
5 8 0
5 9 0
5 10 0
5 11 0
5 12 0
5 13 0
5 14 0
5 15 0
5 16 0
5 17 0
5 18 0
5 19 0
5 20 0
5 21 0
5 22 0
5 23 0
5 24 0
5 25 0
5 26 0
5 27 0
5 28 0
5 29 0
5 30 0
5 31 0
5 32 0
5 33 0
5 34 0
5 35 0
5 36 0
5 37 0
5 38 0
5 39 0
5 40 0
5 41 0
5 42 0
5 43 0
5 44 0
5 45 0
5 46 0
5 47 0
5 48 0
5 49 0
5 50 0
5 51 0
5 52 0
5 53 0
5 54 0
5 55 0
5 56 0
5 57 0
5 58 0
5 59 0
6 0 0
6 1 153
6 2 166
6 3 142
6 4 0
6 5 125
6 6 207
6 7 0
6 8 0
6 9 0
6 10 0
6 11 0
6 12 0
6 13 0
6 14 0
6 15 0
6 16 0
6 17 0
6 18 0
6 19 0
6 20 0
6 21 0
6 22 0
6 23 0
6 24 0
6 25 0
6 26 0
6 27 0
6 28 0
6 29 0
6 30 0
6 31 0
6 32 0
6 33 0
6 34 0
6 35 0
6 36 0
6 37 0
6 38 0
6 39 0
6 40 0
6 41 0
6 42 0
6 43 0
6 44 0
6 45 0
6 46 0
6 47 0
6 48 0
6 49 0
6 50 0
6 51 0
6 52 0
6 53 0
6 54 0
6 55 0
6 56 0
6 57 0
6 58 0
6 59 0
7 0 97
7 1 142
7 2 0
7 3 0
7 4 0
7 5 5
7 6 0
7 7 206
7 8 0
7 9 0
7 10 0
7 11 0
7 12 0
7 13 0
7 14 0
7 15 0
7 16 0
7 17 0
7 18 0
7 19 0
7 20 0
7 21 0
7 22 0
7 23 0
7 24 0
7 25 0
7 26 0
7 27 0
7 28 0
7 29 0
7 30 0
7 31 0
7 32 0
7 33 0
7 34 0
7 35 0
7 36 0
7 37 0
7 38 0
7 39 0
7 40 0
7 41 0
7 42 0
7 43 0
7 44 0
7 45 0
7 46 0
7 47 0
7 48 0
7 49 0
7 50 0
7 51 0
7 52 0
7 53 0
7 54 0
7 55 0
7 56 0
7 57 0
7 58 0
7 59 0
8 0 135
8 1 51
8 2 0
8 3 248
8 4 0
8 5 23
8 6 148
8 7 9
8 8 226
8 9 0
8 10 0
8 11 0
8 12 0
8 13 0
8 14 0
8 15 0
8 16 0
8 17 0
8 18 0
8 19 0
8 20 0
8 21 0
8 22 0
8 23 0
8 24 0
8 25 0
8 26 0
8 27 0
8 28 0
8 29 0
8 30 0
8 31 0
8 32 0
8 33 0
8 34 0
8 35 0
8 36 0
8 37 0
8 38 0
8 39 0
8 40 0
8 41 0
8 42 0
8 43 0
8 44 0
8 45 0
8 46 0
8 47 0
8 48 0
8 49 0
8 50 0
8 51 0
8 52 0
8 53 0
8 54 0
8 55 0
8 56 0
8 57 0
8 58 0
8 59 0
9 0 0
9 1 113
9 2 184
9 3 58
9 4 247
9 5 46
9 6 181
9 7 37
9 8 75
9 9 147
9 10 0
9 11 0
9 12 0
9 13 0
9 14 0
9 15 0
9 16 0
9 17 0
9 18 0
9 19 0
9 20 0
9 21 0
9 22 0
9 23 0
9 24 0
9 25 0
9 26 0
9 27 0
9 28 0
9 29 0
9 30 0
9 31 0
9 32 0
9 33 0
9 34 0
9 35 0
9 36 0
9 37 0
9 38 0
9 39 0
9 40 0
9 41 0
9 42 0
9 43 0
9 44 0
9 45 0
9 46 0
9 47 0
9 48 0
9 49 0
9 50 0
9 51 0
9 52 0
9 53 0
9 54 0
9 55 0
9 56 0
9 57 0
9 58 0
9 59 0
10 0 66
10 1 143
10 2 36
10 3 0
10 4 111
10 5 0
10 6 180
10 7 51
10 8 198
10 9 0
10 10 0
10 11 0
10 12 0
10 13 0
10 14 0
10 15 0
10 16 0
10 17 0
10 18 0
10 19 0
10 20 0
10 21 0
10 22 0
10 23 0
10 24 0
10 25 0
10 26 0
10 27 0
10 28 0
10 29 0
10 30 0
10 31 0
10 32 0
10 33 0
10 34 0
10 35 0
10 36 0
10 37 0
10 38 0
10 39 0
10 40 0
10 41 0
10 42 0
10 43 0
10 44 0
10 45 0
10 46 0
10 47 0
10 48 0
10 49 0
10 50 0
10 51 0
10 52 0
10 53 0
10 54 0
10 55 0
10 56 0
10 57 0
10 58 0
10 59 0
11 0 228
11 1 137
11 2 112
11 3 0
11 4 161
11 5 200
11 6 180
11 7 200
11 8 24
11 9 0
11 10 85
11 11 239
11 12 0
11 13 0
11 14 0
11 15 0
11 16 0
11 17 0
11 18 0
11 19 0
11 20 0
11 21 0
11 22 0
11 23 0
11 24 0
11 25 0
11 26 0
11 27 0
11 28 0
11 29 0
11 30 0
11 31 0
11 32 0
11 33 0
11 34 0
11 35 0
11 36 0
11 37 0
11 38 0
11 39 0
11 40 0
11 41 0
11 42 0
11 43 0
11 44 0
11 45 0
11 46 0
11 47 0
11 48 0
11 49 0
11 50 0
11 51 0
11 52 0
11 53 0
11 54 0
11 55 0
11 56 0
11 57 0
11 58 0
11 59 0
12 0 37
12 1 45
12 2 170
12 3 165
12 4 31
12 5 0
12 6 174
12 7 0
12 8 117
12 9 95
12 10 66
12 11 156
12 12 203
12 13 0
12 14 0
12 15 0
12 16 0
12 17 0
12 18 0
12 19 0
12 20 0
12 21 0
12 22 0
12 23 0
12 24 0
12 25 0
12 26 0
12 27 0
12 28 0
12 29 0
12 30 0
12 31 0
12 32 0
12 33 0
12 34 0
12 35 0
12 36 0
12 37 0
12 38 0
12 39 0
12 40 0
12 41 0
12 42 0
12 43 0
12 44 0
12 45 0
12 46 0
12 47 0
12 48 0
12 49 0
12 50 0
12 51 0
12 52 0
12 53 0
12 54 0
12 55 0
12 56 0
12 57 0
12 58 0
12 59 0
13 0 202
13 1 30
13 2 96
13 3 113
13 4 184
13 5 123
13 6 125
13 7 189
13 8 121
13 9 0
13 10 0
13 11 163
13 12 230
13 13 115
13 14 0
13 15 0
13 16 0
13 17 0
13 18 0
13 19 0
13 20 0
13 21 0
13 22 0
13 23 0
13 24 0
13 25 0
13 26 0
13 27 0
13 28 0
13 29 0
13 30 0
13 31 0
13 32 0
13 33 0
13 34 0
13 35 0
13 36 0
13 37 0
13 38 0
13 39 0
13 40 0
13 41 0
13 42 0
13 43 0
13 44 0
13 45 0
13 46 0
13 47 0
13 48 0
13 49 0
13 50 0
13 51 0
13 52 0
13 53 0
13 54 0
13 55 0
13 56 0
13 57 0
13 58 0
13 59 0
14 0 175
14 1 207
14 2 165
14 3 0
14 4 75
14 5 174
14 6 0
14 7 10
14 8 44
14 9 19
14 10 0
14 11 34
14 12 136
14 13 251
14 14 0
14 15 0
14 16 0
14 17 0
14 18 0
14 19 0
14 20 0
14 21 0
14 22 0
14 23 0
14 24 0
14 25 0
14 26 0
14 27 0
14 28 0
14 29 0
14 30 0
14 31 0
14 32 0
14 33 0
14 34 0
14 35 0
14 36 0
14 37 0
14 38 0
14 39 0
14 40 0
14 41 0
14 42 0
14 43 0
14 44 0
14 45 0
14 46 0
14 47 0
14 48 0
14 49 0
14 50 0
14 51 0
14 52 0
14 53 0
14 54 0
14 55 0
14 56 0
14 57 0
14 58 0
14 59 0
15 0 223
15 1 48
15 2 247
15 3 140
15 4 212
15 5 38
15 6 146
15 7 188
15 8 88
15 9 0
15 10 46
15 11 237
15 12 155
15 13 177
15 14 0
15 15 84
15 16 0
15 17 0
15 18 0
15 19 0
15 20 0
15 21 0
15 22 0
15 23 0
15 24 0
15 25 0
15 26 0
15 27 0
15 28 0
15 29 0
15 30 0
15 31 0
15 32 0
15 33 0
15 34 0
15 35 0
15 36 0
15 37 0
15 38 0
15 39 0
15 40 0
15 41 0
15 42 0
15 43 0
15 44 0
15 45 0
15 46 0
15 47 0
15 48 0
15 49 0
15 50 0
15 51 0
15 52 0
15 53 0
15 54 0
15 55 0
15 56 0
15 57 0
15 58 0
15 59 0
16 0 40
16 1 222
16 2 0
16 3 0
16 4 150
16 5 151
16 6 0
16 7 43
16 8 0
16 9 159
16 10 0
16 11 0
16 12 94
16 13 180
16 14 130
16 15 0
16 16 153
16 17 0
16 18 0
16 19 0
16 20 0
16 21 0
16 22 0
16 23 0
16 24 0
16 25 0
16 26 0
16 27 0
16 28 0
16 29 0
16 30 0
16 31 0
16 32 0
16 33 0
16 34 0
16 35 0
16 36 0
16 37 0
16 38 0
16 39 0
16 40 0
16 41 0
16 42 0
16 43 0
16 44 0
16 45 0
16 46 0
16 47 0
16 48 0
16 49 0
16 50 0
16 51 0
16 52 0
16 53 0
16 54 0
16 55 0
16 56 0
16 57 0
16 58 0
16 59 0
17 0 220
17 1 190
17 2 148
17 3 0
17 4 0
17 5 61
17 6 0
17 7 217
17 8 0
17 9 0
17 10 88
17 11 0
17 12 146
17 13 0
17 14 247
17 15 0
17 16 157
17 17 37
17 18 0
17 19 0
17 20 0
17 21 0
17 22 0
17 23 0
17 24 0
17 25 0
17 26 0
17 27 0
17 28 0
17 29 0
17 30 0
17 31 0
17 32 0
17 33 0
17 34 0
17 35 0
17 36 0
17 37 0
17 38 0
17 39 0
17 40 0
17 41 0
17 42 0
17 43 0
17 44 0
17 45 0
17 46 0
17 47 0
17 48 0
17 49 0
17 50 0
17 51 0
17 52 0
17 53 0
17 54 0
17 55 0
17 56 0
17 57 0
17 58 0
17 59 0
18 0 0
18 1 0
18 2 210
18 3 0
18 4 0
18 5 199
18 6 0
18 7 137
18 8 197
18 9 173
18 10 0
18 11 89
18 12 254
18 13 56
18 14 235
18 15 74
18 16 0
18 17 0
18 18 251
18 19 0
18 20 0
18 21 0
18 22 0
18 23 0
18 24 0
18 25 0
18 26 0
18 27 0
18 28 0
18 29 0
18 30 0
18 31 0
18 32 0
18 33 0
18 34 0
18 35 0
18 36 0
18 37 0
18 38 0
18 39 0
18 40 0
18 41 0
18 42 0
18 43 0
18 44 0
18 45 0
18 46 0
18 47 0
18 48 0
18 49 0
18 50 0
18 51 0
18 52 0
18 53 0
18 54 0
18 55 0
18 56 0
18 57 0
18 58 0
18 59 0
19 0 68
19 1 156
19 2 17
19 3 61
19 4 0
19 5 5
19 6 218
19 7 196
19 8 100
19 9 0
19 10 0
19 11 0
19 12 197
19 13 0
19 14 0
19 15 0
19 16 213
19 17 0
19 18 66
19 19 136
19 20 0
19 21 0
19 22 0
19 23 0
19 24 0
19 25 0
19 26 0
19 27 0
19 28 0
19 29 0
19 30 0
19 31 0
19 32 0
19 33 0
19 34 0
19 35 0
19 36 0
19 37 0
19 38 0
19 39 0
19 40 0
19 41 0
19 42 0
19 43 0
19 44 0
19 45 0
19 46 0
19 47 0
19 48 0
19 49 0
19 50 0
19 51 0
19 52 0
19 53 0
19 54 0
19 55 0
19 56 0
19 57 0
19 58 0
19 59 0
20 0 219
20 1 170
20 2 213
20 3 122
20 4 144
20 5 154
20 6 0
20 7 144
20 8 0
20 9 30
20 10 0
20 11 251
20 12 233
20 13 0
20 14 186
20 15 0
20 16 163
20 17 219
20 18 17
20 19 0
20 20 176
20 21 0
20 22 0
20 23 0
20 24 0
20 25 0
20 26 0
20 27 0
20 28 0
20 29 0
20 30 0
20 31 0
20 32 0
20 33 0
20 34 0
20 35 0
20 36 0
20 37 0
20 38 0
20 39 0
20 40 0
20 41 0
20 42 0
20 43 0
20 44 0
20 45 0
20 46 0
20 47 0
20 48 0
20 49 0
20 50 0
20 51 0
20 52 0
20 53 0
20 54 0
20 55 0
20 56 0
20 57 0
20 58 0
20 59 0
21 0 153
21 1 117
21 2 0
21 3 0
21 4 0
21 5 0
21 6 221
21 7 103
21 8 213
21 9 140
21 10 127
21 11 116
21 12 0
21 13 122
21 14 40
21 15 0
21 16 176
21 17 170
21 18 0
21 19 1
21 20 0
21 21 39
21 22 0
21 23 0
21 24 0
21 25 0
21 26 0
21 27 0
21 28 0
21 29 0
21 30 0
21 31 0
21 32 0
21 33 0
21 34 0
21 35 0
21 36 0
21 37 0
21 38 0
21 39 0
21 40 0
21 41 0
21 42 0
21 43 0
21 44 0
21 45 0
21 46 0
21 47 0
21 48 0
21 49 0
21 50 0
21 51 0
21 52 0
21 53 0
21 54 0
21 55 0
21 56 0
21 57 0
21 58 0
21 59 0
22 0 237
22 1 0
22 2 0
22 3 0
22 4 187
22 5 0
22 6 158
22 7 50
22 8 220
22 9 208
22 10 1
22 11 16
22 12 81
22 13 52
22 14 0
22 15 73
22 16 0
22 17 0
22 18 122
22 19 142
22 20 30
22 21 203
22 22 10
22 23 0
22 24 0
22 25 0
22 26 0
22 27 0
22 28 0
22 29 0
22 30 0
22 31 0
22 32 0
22 33 0
22 34 0
22 35 0
22 36 0
22 37 0
22 38 0
22 39 0
22 40 0
22 41 0
22 42 0
22 43 0
22 44 0
22 45 0
22 46 0
22 47 0
22 48 0
22 49 0
22 50 0
22 51 0
22 52 0
22 53 0
22 54 0
22 55 0
22 56 0
22 57 0
22 58 0
22 59 0
23 0 243
23 1 0
23 2 129
23 3 168
23 4 0
23 5 180
23 6 2
23 7 0
23 8 51
23 9 6
23 10 0
23 11 0
23 12 42
23 13 148
23 14 172
23 15 142
23 16 0
23 17 19
23 18 0
23 19 27
23 20 112
23 21 0
23 22 226
23 23 223
23 24 0
23 25 0
23 26 0
23 27 0
23 28 0
23 29 0
23 30 0
23 31 0
23 32 0
23 33 0
23 34 0
23 35 0
23 36 0
23 37 0
23 38 0
23 39 0
23 40 0
23 41 0
23 42 0
23 43 0
23 44 0
23 45 0
23 46 0
23 47 0
23 48 0
23 49 0
23 50 0
23 51 0
23 52 0
23 53 0
23 54 0
23 55 0
23 56 0
23 57 0
23 58 0
23 59 0
24 0 0
24 1 34
24 2 94
24 3 88
24 4 0
24 5 165
24 6 0
24 7 231
24 8 0
24 9 174
24 10 216
24 11 95
24 12 7
24 13 81
24 14 226
24 15 0
24 16 78
24 17 0
24 18 127
24 19 107
24 20 226
24 21 50
24 22 203
24 23 0
24 24 0
24 25 0
24 26 0
24 27 0
24 28 0
24 29 0
24 30 0
24 31 0
24 32 0
24 33 0
24 34 0
24 35 0
24 36 0
24 37 0
24 38 0
24 39 0
24 40 0
24 41 0
24 42 0
24 43 0
24 44 0
24 45 0
24 46 0
24 47 0
24 48 0
24 49 0
24 50 0
24 51 0
24 52 0
24 53 0
24 54 0
24 55 0
24 56 0
24 57 0
24 58 0
24 59 0
25 0 0
25 1 0
25 2 0
25 3 0
25 4 109
25 5 156
25 6 0
25 7 0
25 8 0
25 9 0
25 10 33
25 11 217
25 12 0
25 13 0
25 14 25
25 15 207
25 16 203
25 17 0
25 18 143
25 19 228
25 20 239
25 21 0
25 22 193
25 23 15
25 24 141
25 25 184
25 26 0
25 27 0
25 28 0
25 29 0
25 30 0
25 31 0
25 32 0
25 33 0
25 34 0
25 35 0
25 36 0
25 37 0
25 38 0
25 39 0
25 40 0
25 41 0
25 42 0
25 43 0
25 44 0
25 45 0
25 46 0
25 47 0
25 48 0
25 49 0
25 50 0
25 51 0
25 52 0
25 53 0
25 54 0
25 55 0
25 56 0
25 57 0
25 58 0
25 59 0
26 0 78
26 1 65
26 2 138
26 3 0
26 4 223
26 5 0
26 6 74
26 7 30
26 8 93
26 9 132
26 10 54
26 11 8
26 12 0
26 13 154
26 14 0
26 15 0
26 16 238
26 17 194
26 18 96
26 19 241
26 20 237
26 21 119
26 22 0
26 23 56
26 24 112
26 25 10
26 26 196
26 27 0
26 28 0
26 29 0
26 30 0
26 31 0
26 32 0
26 33 0
26 34 0
26 35 0
26 36 0
26 37 0
26 38 0
26 39 0
26 40 0
26 41 0
26 42 0
26 43 0
26 44 0
26 45 0
26 46 0
26 47 0
26 48 0
26 49 0
26 50 0
26 51 0
26 52 0
26 53 0
26 54 0
26 55 0
26 56 0
26 57 0
26 58 0
26 59 0
27 0 138
27 1 59
27 2 0
27 3 0
27 4 149
27 5 15
27 6 0
27 7 0
27 8 0
27 9 216
27 10 120
27 11 41
27 12 156
27 13 211
27 14 159
27 15 197
27 16 0
27 17 146
27 18 191
27 19 155
27 20 186
27 21 171
27 22 0
27 23 0
27 24 211
27 25 77
27 26 212
27 27 86
27 28 0
27 29 0
27 30 0
27 31 0
27 32 0
27 33 0
27 34 0
27 35 0
27 36 0
27 37 0
27 38 0
27 39 0
27 40 0
27 41 0
27 42 0
27 43 0
27 44 0
27 45 0
27 46 0
27 47 0
27 48 0
27 49 0
27 50 0
27 51 0
27 52 0
27 53 0
27 54 0
27 55 0
27 56 0
27 57 0
27 58 0
27 59 0
28 0 0
28 1 101
28 2 60
28 3 181
28 4 0
28 5 58
28 6 55
28 7 151
28 8 181
28 9 119
28 10 0
28 11 236
28 12 132
28 13 170
28 14 115
28 15 0
28 16 172
28 17 0
28 18 0
28 19 0
28 20 0
28 21 0
28 22 135
28 23 0
28 24 163
28 25 0
28 26 119
28 27 183
28 28 0
28 29 0
28 30 0
28 31 0
28 32 0
28 33 0
28 34 0
28 35 0
28 36 0
28 37 0
28 38 0
28 39 0
28 40 0
28 41 0
28 42 0
28 43 0
28 44 0
28 45 0
28 46 0
28 47 0
28 48 0
28 49 0
28 50 0
28 51 0
28 52 0
28 53 0
28 54 0
28 55 0
28 56 0
28 57 0
28 58 0
28 59 0
29 0 184
29 1 144
29 2 188
29 3 0
29 4 4
29 5 211
29 6 95
29 7 208
29 8 0
29 9 94
29 10 208
29 11 237
29 12 0
29 13 157
29 14 206
29 15 0
29 16 0
29 17 176
29 18 230
29 19 228
29 20 12
29 21 0
29 22 39
29 23 16
29 24 212
29 25 175
29 26 0
29 27 157
29 28 51
29 29 123
29 30 0
29 31 0
29 32 0
29 33 0
29 34 0
29 35 0
29 36 0
29 37 0
29 38 0
29 39 0
29 40 0
29 41 0
29 42 0
29 43 0
29 44 0
29 45 0
29 46 0
29 47 0
29 48 0
29 49 0
29 50 0
29 51 0
29 52 0
29 53 0
29 54 0
29 55 0
29 56 0
29 57 0
29 58 0
29 59 0
30 0 107
30 1 190
30 2 0
30 3 59
30 4 0
30 5 222
30 6 0
30 7 16
30 8 134
30 9 0
30 10 0
30 11 117
30 12 0
30 13 203
30 14 27
30 15 135
30 16 173
30 17 108
30 18 121
30 19 81
30 20 79
30 21 142
30 22 0
30 23 0
30 24 207
30 25 0
30 26 73
30 27 123
30 28 134
30 29 0
30 30 106
30 31 0
30 32 0
30 33 0
30 34 0
30 35 0
30 36 0
30 37 0
30 38 0
30 39 0
30 40 0
30 41 0
30 42 0
30 43 0
30 44 0
30 45 0
30 46 0
30 47 0
30 48 0
30 49 0
30 50 0
30 51 0
30 52 0
30 53 0
30 54 0
30 55 0
30 56 0
30 57 0
30 58 0
30 59 0
31 0 23
31 1 0
31 2 201
31 3 0
31 4 219
31 5 38
31 6 122
31 7 129
31 8 193
31 9 79
31 10 141
31 11 80
31 12 102
31 13 12
31 14 0
31 15 0
31 16 56
31 17 124
31 18 129
31 19 10
31 20 0
31 21 91
31 22 224
31 23 223
31 24 224
31 25 127
31 26 0
31 27 101
31 28 0
31 29 250
31 30 10
31 31 0
31 32 0
31 33 0
31 34 0
31 35 0
31 36 0
31 37 0
31 38 0
31 39 0
31 40 0
31 41 0
31 42 0
31 43 0
31 44 0
31 45 0
31 46 0
31 47 0
31 48 0
31 49 0
31 50 0
31 51 0
31 52 0
31 53 0
31 54 0
31 55 0
31 56 0
31 57 0
31 58 0
31 59 0
32 0 120
32 1 153
32 2 97
32 3 0
32 4 0
32 5 0
32 6 148
32 7 63
32 8 0
32 9 0
32 10 0
32 11 144
32 12 177
32 13 0
32 14 39
32 15 219
32 16 49
32 17 0
32 18 10
32 19 0
32 20 0
32 21 207
32 22 0
32 23 144
32 24 212
32 25 28
32 26 0
32 27 0
32 28 0
32 29 244
32 30 143
32 31 239
32 32 11
32 33 0
32 34 0
32 35 0
32 36 0
32 37 0
32 38 0
32 39 0
32 40 0
32 41 0
32 42 0
32 43 0
32 44 0
32 45 0
32 46 0
32 47 0
32 48 0
32 49 0
32 50 0
32 51 0
32 52 0
32 53 0
32 54 0
32 55 0
32 56 0
32 57 0
32 58 0
32 59 0
33 0 238
33 1 0
33 2 59
33 3 175
33 4 0
33 5 85
33 6 56
33 7 103
33 8 200
33 9 255
33 10 231
33 11 0
33 12 11
33 13 0
33 14 209
33 15 0
33 16 0
33 17 125
33 18 77
33 19 128
33 20 85
33 21 58
33 22 117
33 23 118
33 24 0
33 25 0
33 26 202
33 27 0
33 28 59
33 29 0
33 30 215
33 31 61
33 32 57
33 33 175
33 34 0
33 35 0
33 36 0
33 37 0
33 38 0
33 39 0
33 40 0
33 41 0
33 42 0
33 43 0
33 44 0
33 45 0
33 46 0
33 47 0
33 48 0
33 49 0
33 50 0
33 51 0
33 52 0
33 53 0
33 54 0
33 55 0
33 56 0
33 57 0
33 58 0
33 59 0
34 0 0
34 1 0
34 2 5
34 3 4
34 4 17
34 5 0
34 6 159
34 7 70
34 8 82
34 9 201
34 10 0
34 11 245
34 12 103
34 13 0
34 14 128
34 15 56
34 16 0
34 17 174
34 18 86
34 19 0
34 20 137
34 21 0
34 22 86
34 23 255
34 24 0
34 25 213
34 26 28
34 27 0
34 28 72
34 29 161
34 30 51
34 31 0
34 32 86
34 33 173
34 34 247
34 35 0
34 36 0
34 37 0
34 38 0
34 39 0
34 40 0
34 41 0
34 42 0
34 43 0
34 44 0
34 45 0
34 46 0
34 47 0
34 48 0
34 49 0
34 50 0
34 51 0
34 52 0
34 53 0
34 54 0
34 55 0
34 56 0
34 57 0
34 58 0
34 59 0
35 0 9
35 1 168
35 2 76
35 3 143
35 4 0
35 5 0
35 6 203
35 7 167
35 8 191
35 9 117
35 10 70
35 11 6
35 12 186
35 13 122
35 14 115
35 15 25
35 16 150
35 17 224
35 18 158
35 19 190
35 20 106
35 21 0
35 22 188
35 23 34
35 24 158
35 25 117
35 26 0
35 27 149
35 28 0
35 29 0
35 30 0
35 31 59
35 32 130
35 33 124
35 34 167
35 35 230
35 36 0
35 37 0
35 38 0
35 39 0
35 40 0
35 41 0
35 42 0
35 43 0
35 44 0
35 45 0
35 46 0
35 47 0
35 48 0
35 49 0
35 50 0
35 51 0
35 52 0
35 53 0
35 54 0
35 55 0
35 56 0
35 57 0
35 58 0
35 59 0
36 0 0
36 1 0
36 2 44
36 3 0
36 4 0
36 5 200
36 6 67
36 7 0
36 8 0
36 9 0
36 10 70
36 11 148
36 12 89
36 13 217
36 14 213
36 15 0
36 16 0
36 17 75
36 18 172
36 19 235
36 20 8
36 21 0
36 22 124
36 23 110
36 24 201
36 25 86
36 26 0
36 27 171
36 28 0
36 29 9
36 30 218
36 31 0
36 32 37
36 33 0
36 34 131
36 35 219
36 36 92
36 37 0
36 38 0
36 39 0
36 40 0
36 41 0
36 42 0
36 43 0
36 44 0
36 45 0
36 46 0
36 47 0
36 48 0
36 49 0
36 50 0
36 51 0
36 52 0
36 53 0
36 54 0
36 55 0
36 56 0
36 57 0
36 58 0
36 59 0
37 0 182
37 1 73
37 2 70
37 3 0
37 4 0
37 5 253
37 6 106
37 7 47
37 8 0
37 9 21
37 10 40
37 11 0
37 12 0
37 13 118
37 14 205
37 15 97
37 16 24
37 17 64
37 18 19
37 19 0
37 20 0
37 21 95
37 22 0
37 23 241
37 24 10
37 25 101
37 26 0
37 27 125
37 28 192
37 29 163
37 30 0
37 31 3
37 32 0
37 33 0
37 34 203
37 35 62
37 36 62
37 37 180
37 38 0
37 39 0
37 40 0
37 41 0
37 42 0
37 43 0
37 44 0
37 45 0
37 46 0
37 47 0
37 48 0
37 49 0
37 50 0
37 51 0
37 52 0
37 53 0
37 54 0
37 55 0
37 56 0
37 57 0
37 58 0
37 59 0
38 0 31
38 1 90
38 2 202
38 3 242
38 4 62
38 5 94
38 6 49
38 7 75
38 8 93
38 9 47
38 10 62
38 11 9
38 12 0
38 13 175
38 14 0
38 15 161
38 16 0
38 17 103
38 18 213
38 19 0
38 20 13
38 21 0
38 22 39
38 23 84
38 24 6
38 25 56
38 26 110
38 27 0
38 28 30
38 29 180
38 30 0
38 31 0
38 32 192
38 33 71
38 34 15
38 35 122
38 36 143
38 37 163
38 38 2
38 39 0
38 40 0
38 41 0
38 42 0
38 43 0
38 44 0
38 45 0
38 46 0
38 47 0
38 48 0
38 49 0
38 50 0
38 51 0
38 52 0
38 53 0
38 54 0
38 55 0
38 56 0
38 57 0
38 58 0
38 59 0
39 0 126
39 1 105
39 2 247
39 3 185
39 4 0
39 5 0
39 6 50
39 7 223
39 8 121
39 9 0
39 10 0
39 11 120
39 12 152
39 13 0
39 14 0
39 15 20
39 16 89
39 17 186
39 18 0
39 19 0
39 20 142
39 21 0
39 22 215
39 23 83
39 24 0
39 25 253
39 26 0
39 27 195
39 28 0
39 29 189
39 30 209
39 31 216
39 32 79
39 33 195
39 34 0
39 35 50
39 36 20
39 37 78
39 38 218
39 39 251
39 40 0
39 41 0
39 42 0
39 43 0
39 44 0
39 45 0
39 46 0
39 47 0
39 48 0
39 49 0
39 50 0
39 51 0
39 52 0
39 53 0
39 54 0
39 55 0
39 56 0
39 57 0
39 58 0
39 59 0
40 0 0
40 1 8
40 2 0
40 3 128
40 4 0
40 5 0
40 6 240
40 7 0
40 8 255
40 9 124
40 10 193
40 11 217
40 12 94
40 13 0
40 14 38
40 15 207
40 16 192
40 17 211
40 18 43
40 19 141
40 20 20
40 21 108
40 22 6
40 23 228
40 24 224
40 25 90
40 26 0
40 27 0
40 28 0
40 29 174
40 30 154
40 31 222
40 32 46
40 33 213
40 34 58
40 35 149
40 36 237
40 37 180
40 38 11
40 39 225
40 40 68
40 41 0
40 42 0
40 43 0
40 44 0
40 45 0
40 46 0
40 47 0
40 48 0
40 49 0
40 50 0
40 51 0
40 52 0
40 53 0
40 54 0
40 55 0
40 56 0
40 57 0
40 58 0
40 59 0
41 0 0
41 1 103
41 2 250
41 3 20
41 4 30
41 5 0
41 6 50
41 7 98
41 8 0
41 9 173
41 10 0
41 11 0
41 12 127
41 13 198
41 14 85
41 15 110
41 16 0
41 17 0
41 18 157
41 19 38
41 20 0
41 21 76
41 22 66
41 23 0
41 24 84
41 25 25
41 26 2
41 27 167
41 28 174
41 29 97
41 30 58
41 31 57
41 32 99
41 33 91
41 34 205
41 35 160
41 36 235
41 37 75
41 38 51
41 39 192
41 40 88
41 41 0
41 42 0
41 43 0
41 44 0
41 45 0
41 46 0
41 47 0
41 48 0
41 49 0
41 50 0
41 51 0
41 52 0
41 53 0
41 54 0
41 55 0
41 56 0
41 57 0
41 58 0
41 59 0
42 0 14
42 1 203
42 2 29
42 3 0
42 4 0
42 5 82
42 6 18
42 7 125
42 8 112
42 9 58
42 10 80
42 11 208
42 12 197
42 13 229
42 14 49
42 15 210
42 16 207
42 17 0
42 18 0
42 19 0
42 20 61
42 21 246
42 22 89
42 23 116
42 24 169
42 25 185
42 26 152
42 27 77
42 28 224
42 29 101
42 30 116
42 31 183
42 32 147
42 33 23
42 34 118
42 35 0
42 36 0
42 37 225
42 38 0
42 39 0
42 40 191
42 41 158
42 42 25
42 43 0
42 44 0
42 45 0
42 46 0
42 47 0
42 48 0
42 49 0
42 50 0
42 51 0
42 52 0
42 53 0
42 54 0
42 55 0
42 56 0
42 57 0
42 58 0
42 59 0
43 0 52
43 1 0
43 2 0
43 3 7
43 4 58
43 5 64
43 6 111
43 7 188
43 8 0
43 9 0
43 10 120
43 11 250
43 12 115
43 13 44
43 14 183
43 15 97
43 16 0
43 17 79
43 18 0
43 19 24
43 20 156
43 21 182
43 22 219
43 23 0
43 24 85
43 25 98
43 26 198
43 27 0
43 28 17
43 29 61
43 30 233
43 31 191
43 32 22
43 33 103
43 34 28
43 35 84
43 36 0
43 37 0
43 38 246
43 39 0
43 40 240
43 41 170
43 42 0
43 43 0
43 44 0
43 45 0
43 46 0
43 47 0
43 48 0
43 49 0
43 50 0
43 51 0
43 52 0
43 53 0
43 54 0
43 55 0
43 56 0
43 57 0
43 58 0
43 59 0
44 0 182
44 1 44
44 2 66
44 3 37
44 4 79
44 5 159
44 6 203
44 7 245
44 8 240
44 9 233
44 10 26
44 11 49
44 12 113
44 13 142
44 14 144
44 15 146
44 16 210
44 17 253
44 18 0
44 19 118
44 20 195
44 21 75
44 22 12
44 23 80
44 24 114
44 25 48
44 26 121
44 27 0
44 28 0
44 29 0
44 30 3
44 31 0
44 32 0
44 33 36
44 34 40
44 35 64
44 36 0
44 37 95
44 38 0
44 39 190
44 40 134
44 41 0
44 42 22
44 43 0
44 44 223
44 45 0
44 46 0
44 47 0
44 48 0
44 49 0
44 50 0
44 51 0
44 52 0
44 53 0
44 54 0
44 55 0
44 56 0
44 57 0
44 58 0
44 59 0
45 0 3
45 1 91
45 2 71
45 3 160
45 4 0
45 5 0
45 6 0
45 7 0
45 8 0
45 9 122
45 10 62
45 11 183
45 12 176
45 13 85
45 14 0
45 15 109
45 16 0
45 17 157
45 18 0
45 19 186
45 20 53
45 21 0
45 22 131
45 23 133
45 24 0
45 25 0
45 26 12
45 27 28
45 28 49
45 29 228
45 30 0
45 31 0
45 32 0
45 33 54
45 34 0
45 35 175
45 36 0
45 37 89
45 38 255
45 39 177
45 40 0
45 41 148
45 42 158
45 43 0
45 44 80
45 45 223
45 46 0
45 47 0
45 48 0
45 49 0
45 50 0
45 51 0
45 52 0
45 53 0
45 54 0
45 55 0
45 56 0
45 57 0
45 58 0
45 59 0
46 0 77
46 1 191
46 2 94
46 3 0
46 4 0
46 5 108
46 6 91
46 7 146
46 8 142
46 9 228
46 10 253
46 11 31
46 12 187
46 13 0
46 14 202
46 15 141
46 16 76
46 17 0
46 18 0
46 19 9
46 20 193
46 21 25
46 22 110
46 23 118
46 24 80
46 25 67
46 26 94
46 27 0
46 28 208
46 29 181
46 30 113
46 31 151
46 32 0
46 33 0
46 34 0
46 35 139
46 36 0
46 37 0
46 38 253
46 39 24
46 40 237
46 41 233
46 42 179
46 43 237
46 44 171
46 45 56
46 46 166
46 47 0
46 48 0
46 49 0
46 50 0
46 51 0
46 52 0
46 53 0
46 54 0
46 55 0
46 56 0
46 57 0
46 58 0
46 59 0
47 0 237
47 1 81
47 2 0
47 3 17
47 4 152
47 5 0
47 6 238
47 7 0
47 8 22
47 9 83
47 10 205
47 11 226
47 12 0
47 13 0
47 14 0
47 15 0
47 16 0
47 17 228
47 18 138
47 19 169
47 20 0
47 21 0
47 22 172
47 23 48
47 24 122
47 25 54
47 26 190
47 27 88
47 28 0
47 29 144
47 30 229
47 31 183
47 32 251
47 33 116
47 34 95
47 35 118
47 36 0
47 37 187
47 38 5
47 39 114
47 40 0
47 41 113
47 42 0
47 43 3
47 44 35
47 45 0
47 46 0
47 47 30
47 48 0
47 49 0
47 50 0
47 51 0
47 52 0
47 53 0
47 54 0
47 55 0
47 56 0
47 57 0
47 58 0
47 59 0
48 0 194
48 1 0
48 2 113
48 3 170
48 4 245
48 5 102
48 6 0
48 7 221
48 8 0
48 9 21
48 10 0
48 11 92
48 12 82
48 13 169
48 14 216
48 15 43
48 16 24
48 17 164
48 18 67
48 19 225
48 20 0
48 21 74
48 22 0
48 23 220
48 24 63
48 25 249
48 26 2
48 27 0
48 28 0
48 29 0
48 30 52
48 31 57
48 32 146
48 33 15
48 34 0
48 35 0
48 36 155
48 37 0
48 38 195
48 39 174
48 40 17
48 41 191
48 42 39
48 43 116
48 44 0
48 45 0
48 46 0
48 47 0
48 48 96
48 49 0
48 50 0
48 51 0
48 52 0
48 53 0
48 54 0
48 55 0
48 56 0
48 57 0
48 58 0
48 59 0
49 0 136
49 1 0
49 2 0
49 3 9
49 4 30
49 5 179
49 6 54
49 7 179
49 8 0
49 9 189
49 10 209
49 11 143
49 12 77
49 13 173
49 14 236
49 15 13
49 16 0
49 17 0
49 18 1
49 19 0
49 20 0
49 21 11
49 22 0
49 23 0
49 24 0
49 25 0
49 26 0
49 27 217
49 28 58
49 29 87
49 30 105
49 31 174
49 32 166
49 33 0
49 34 94
49 35 67
49 36 250
49 37 4
49 38 187
49 39 52
49 40 194
49 41 126
49 42 62
49 43 45
49 44 201
49 45 69
49 46 172
49 47 0
49 48 0
49 49 0
49 50 0
49 51 0
49 52 0
49 53 0
49 54 0
49 55 0
49 56 0
49 57 0
49 58 0
49 59 0
50 0 38
50 1 0
50 2 108
50 3 195
50 4 0
50 5 85
50 6 248
50 7 0
50 8 151
50 9 124
50 10 26
50 11 0
50 12 254
50 13 76
50 14 24
50 15 198
50 16 226
50 17 0
50 18 89
50 19 189
50 20 120
50 21 0
50 22 130
50 23 242
50 24 52
50 25 0
50 26 186
50 27 43
50 28 150
50 29 42
50 30 146
50 31 0
50 32 215
50 33 0
50 34 4
50 35 0
50 36 174
50 37 109
50 38 50
50 39 28
50 40 104
50 41 230
50 42 33
50 43 0
50 44 120
50 45 164
50 46 0
50 47 96
50 48 25
50 49 64
50 50 35
50 51 0
50 52 0
50 53 0
50 54 0
50 55 0
50 56 0
50 57 0
50 58 0
50 59 0
51 0 0
51 1 0
51 2 0
51 3 74
51 4 243
51 5 0
51 6 10
51 7 0
51 8 204
51 9 0
51 10 0
51 11 64
51 12 0
51 13 234
51 14 0
51 15 159
51 16 0
51 17 76
51 18 121
51 19 154
51 20 83
51 21 26
51 22 131
51 23 0
51 24 0
51 25 48
51 26 158
51 27 58
51 28 55
51 29 179
51 30 160
51 31 0
51 32 108
51 33 159
51 34 0
51 35 140
51 36 223
51 37 0
51 38 62
51 39 128
51 40 117
51 41 150
51 42 0
51 43 0
51 44 12
51 45 0
51 46 48
51 47 167
51 48 0
51 49 182
51 50 0
51 51 30
51 52 0
51 53 0
51 54 0
51 55 0
51 56 0
51 57 0
51 58 0
51 59 0
52 0 0
52 1 180
52 2 254
52 3 0
52 4 71
52 5 46
52 6 206
52 7 0
52 8 68
52 9 89
52 10 0
52 11 0
52 12 216
52 13 0
52 14 136
52 15 115
52 16 147
52 17 45
52 18 44
52 19 117
52 20 117
52 21 173
52 22 0
52 23 0
52 24 0
52 25 185
52 26 46
52 27 63
52 28 201
52 29 28
52 30 187
52 31 93
52 32 0
52 33 132
52 34 218
52 35 118
52 36 96
52 37 250
52 38 49
52 39 0
52 40 120
52 41 0
52 42 45
52 43 82
52 44 75
52 45 90
52 46 93
52 47 71
52 48 248
52 49 59
52 50 225
52 51 0
52 52 0
52 53 0
52 54 0
52 55 0
52 56 0
52 57 0
52 58 0
52 59 0
53 0 221
53 1 0
53 2 46
53 3 243
53 4 230
53 5 146
53 6 9
53 7 0
53 8 90
53 9 178
53 10 100
53 11 0
53 12 16
53 13 0
53 14 83
53 15 246
53 16 82
53 17 36
53 18 154
53 19 173
53 20 0
53 21 0
53 22 230
53 23 228
53 24 170
53 25 0
53 26 36
53 27 0
53 28 0
53 29 148
53 30 21
53 31 75
53 32 0
53 33 138
53 34 0
53 35 141
53 36 9
53 37 0
53 38 155
53 39 195
53 40 102
53 41 0
53 42 0
53 43 208
53 44 218
53 45 224
53 46 186
53 47 27
53 48 54
53 49 145
53 50 105
53 51 95
53 52 0
53 53 88
53 54 0
53 55 0
53 56 0
53 57 0
53 58 0
53 59 0
54 0 141
54 1 108
54 2 215
54 3 64
54 4 16
54 5 101
54 6 169
54 7 133
54 8 0
54 9 0
54 10 238
54 11 0
54 12 62
54 13 93
54 14 211
54 15 225
54 16 170
54 17 249
54 18 22
54 19 213
54 20 0
54 21 62
54 22 0
54 23 0
54 24 230
54 25 0
54 26 16
54 27 69
54 28 0
54 29 244
54 30 223
54 31 124
54 32 170
54 33 82
54 34 85
54 35 208
54 36 134
54 37 0
54 38 232
54 39 120
54 40 0
54 41 0
54 42 0
54 43 238
54 44 182
54 45 18
54 46 133
54 47 85
54 48 0
54 49 118
54 50 217
54 51 132
54 52 213
54 53 120
54 54 159
54 55 0
54 56 0
54 57 0
54 58 0
54 59 0
55 0 0
55 1 55
55 2 180
55 3 24
55 4 0
55 5 92
55 6 23
55 7 243
55 8 112
55 9 106
55 10 0
55 11 122
55 12 0
55 13 0
55 14 86
55 15 75
55 16 21
55 17 0
55 18 130
55 19 0
55 20 64
55 21 72
55 22 109
55 23 54
55 24 43
55 25 172
55 26 165
55 27 105
55 28 0
55 29 0
55 30 110
55 31 0
55 32 149
55 33 0
55 34 0
55 35 19
55 36 0
55 37 103
55 38 36
55 39 239
55 40 203
55 41 146
55 42 182
55 43 18
55 44 0
55 45 177
55 46 206
55 47 188
55 48 0
55 49 37
55 50 224
55 51 0
55 52 126
55 53 201
55 54 49
55 55 196
55 56 0
55 57 0
55 58 0
55 59 0
56 0 0
56 1 83
56 2 105
56 3 238
56 4 75
56 5 172
56 6 151
56 7 215
56 8 116
56 9 173
56 10 0
56 11 198
56 12 0
56 13 0
56 14 0
56 15 247
56 16 0
56 17 167
56 18 131
56 19 0
56 20 52
56 21 149
56 22 5
56 23 29
56 24 26
56 25 123
56 26 162
56 27 169
56 28 0
56 29 191
56 30 0
56 31 46
56 32 0
56 33 254
56 34 0
56 35 245
56 36 73
56 37 0
56 38 12
56 39 17
56 40 104
56 41 122
56 42 87
56 43 0
56 44 0
56 45 239
56 46 17
56 47 0
56 48 59
56 49 0
56 50 230
56 51 127
56 52 95
56 53 0
56 54 127
56 55 83
56 56 182
56 57 0
56 58 0
56 59 0
57 0 0
57 1 45
57 2 236
57 3 73
57 4 124
57 5 136
57 6 150
57 7 66
57 8 247
57 9 251
57 10 9
57 11 173
57 12 146
57 13 12
57 14 65
57 15 0
57 16 35
57 17 57
57 18 188
57 19 119
57 20 0
57 21 193
57 22 223
57 23 0
57 24 86
57 25 154
57 26 114
57 27 183
57 28 214
57 29 111
57 30 127
57 31 75
57 32 45
57 33 0
57 34 67
57 35 188
57 36 201
57 37 0
57 38 59
57 39 154
57 40 0
57 41 229
57 42 31
57 43 214
57 44 0
57 45 188
57 46 250
57 47 0
57 48 82
57 49 0
57 50 11
57 51 78
57 52 97
57 53 76
57 54 147
57 55 133
57 56 162
57 57 184
57 58 0
57 59 0
58 0 0
58 1 160
58 2 102
58 3 0
58 4 56
58 5 180
58 6 0
58 7 0
58 8 94
58 9 251
58 10 0
58 11 244
58 12 162
58 13 3
58 14 47
58 15 156
58 16 39
58 17 121
58 18 0
58 19 14
58 20 184
58 21 100
58 22 0
58 23 87
58 24 81
58 25 34
58 26 116
58 27 40
58 28 85
58 29 247
58 30 46
58 31 42
58 32 93
58 33 0
58 34 237
58 35 151
58 36 215
58 37 0
58 38 210
58 39 147
58 40 179
58 41 74
58 42 52
58 43 229
58 44 58
58 45 38
58 46 26
58 47 20
58 48 136
58 49 191
58 50 239
58 51 0
58 52 0
58 53 25
58 54 166
58 55 137
58 56 159
58 57 0
58 58 97
58 59 0
59 0 13
59 1 7
59 2 152
59 3 0
59 4 14
59 5 48
59 6 222
59 7 98
59 8 0
59 9 76
59 10 226
59 11 0
59 12 62
59 13 128
59 14 183
59 15 20
59 16 9
59 17 24
59 18 106
59 19 121
59 20 0
59 21 160
59 22 0
59 23 0
59 24 0
59 25 0
59 26 149
59 27 0
59 28 121
59 29 212
59 30 0
59 31 73
59 32 165
59 33 0
59 34 0
59 35 0
59 36 132
59 37 0
59 38 0
59 39 101
59 40 19
59 41 49
59 42 55
59 43 115
59 44 93
59 45 0
59 46 0
59 47 99
59 48 0
59 49 214
59 50 223
59 51 94
59 52 180
59 53 0
59 54 131
59 55 43
59 56 230
59 57 0
59 58 58
59 59 0
60 0 29
60 1 0
60 2 49
60 3 114
60 4 128
60 5 145
60 6 189
60 7 6
60 8 65
60 9 0
60 10 213
60 11 0
60 12 0
60 13 187
60 14 108
60 15 29
60 16 150
60 17 45
60 18 235
60 19 130
60 20 0
60 21 244
60 22 0
60 23 0
60 24 102
60 25 195
60 26 0
60 27 157
60 28 244
60 29 12
60 30 0
60 31 239
60 32 103
60 33 0
60 34 21
60 35 23
60 36 0
60 37 0
60 38 176
60 39 166
60 40 204
60 41 0
60 42 49
60 43 196
60 44 64
60 45 216
60 46 30
60 47 29
60 48 0
60 49 0
60 50 17
60 51 0
60 52 229
60 53 0
60 54 230
60 55 141
60 56 201
60 57 179
60 58 8
60 59 240
61 0 235
61 1 187
61 2 0
61 3 69
61 4 8
61 5 84
61 6 68
61 7 0
61 8 93
61 9 61
61 10 0
61 11 183
61 12 27
61 13 132
61 14 228
61 15 0
61 16 0
61 17 1
61 18 26
61 19 0
61 20 119
61 21 211
61 22 178
61 23 173
61 24 0
61 25 0
61 26 217
61 27 70
61 28 244
61 29 0
61 30 37
61 31 0
61 32 200
61 33 0
61 34 0
61 35 0
61 36 134
61 37 202
61 38 0
61 39 0
61 40 0
61 41 169
61 42 0
61 43 95
61 44 223
61 45 40
61 46 6
61 47 0
61 48 220
61 49 211
61 50 45
61 51 115
61 52 76
61 53 18
61 54 185
61 55 119
61 56 0
61 57 150
61 58 0
61 59 198
62 0 164
62 1 0
62 2 83
62 3 177
62 4 98
62 5 246
62 6 245
62 7 177
62 8 93
62 9 39
62 10 236
62 11 0
62 12 134
62 13 0
62 14 114
62 15 101
62 16 190
62 17 64
62 18 243
62 19 193
62 20 0
62 21 110
62 22 0
62 23 159
62 24 53
62 25 0
62 26 90
62 27 175
62 28 17
62 29 114
62 30 0
62 31 116
62 32 141
62 33 22
62 34 0
62 35 0
62 36 243
62 37 50
62 38 130
62 39 196
62 40 3
62 41 113
62 42 0
62 43 0
62 44 157
62 45 164
62 46 0
62 47 0
62 48 59
62 49 185
62 50 30
62 51 0
62 52 36
62 53 94
62 54 8
62 55 126
62 56 26
62 57 0
62 58 200
62 59 18
63 0 73
63 1 255
63 2 184
63 3 253
63 4 249
63 5 244
63 6 112
63 7 196
63 8 161
63 9 67
63 10 224
63 11 74
63 12 41
63 13 61
63 14 153
63 15 0
63 16 95
63 17 159
63 18 0
63 19 0
63 20 122
63 21 188
63 22 40
63 23 55
63 24 0
63 25 0
63 26 45
63 27 60
63 28 50
63 29 242
63 30 39
63 31 27
63 32 143
63 33 175
63 34 70
63 35 0
63 36 220
63 37 156
63 38 20
63 39 56
63 40 153
63 41 128
63 42 92
63 43 66
63 44 54
63 45 0
63 46 93
63 47 0
63 48 97
63 49 219
63 50 211
63 51 0
63 52 0
63 53 227
63 54 91
63 55 0
63 56 157
63 57 0
63 58 189
63 59 36
64 0 0
64 1 84
64 2 197
64 3 0
64 4 109
64 5 108
64 6 75
64 7 169
64 8 169
64 9 244
64 10 0
64 11 45
64 12 159
64 13 0
64 14 0
64 15 219
64 16 222
64 17 241
64 18 216
64 19 22
64 20 110
64 21 225
64 22 0
64 23 0
64 24 33
64 25 52
64 26 0
64 27 0
64 28 252
64 29 32
64 30 52
64 31 0
64 32 193
64 33 0
64 34 0
64 35 8
64 36 0
64 37 208
64 38 229
64 39 142
64 40 21
64 41 219
64 42 41
64 43 0
64 44 208
64 45 0
64 46 0
64 47 145
64 48 0
64 49 0
64 50 116
64 51 177
64 52 0
64 53 233
64 54 0
64 55 0
64 56 70
64 57 0
64 58 0
64 59 96
65 0 88
65 1 16
65 2 171
65 3 0
65 4 150
65 5 189
65 6 176
65 7 0
65 8 31
65 9 0
65 10 0
65 11 235
65 12 130
65 13 182
65 14 101
65 15 0
65 16 0
65 17 0
65 18 85
65 19 128
65 20 75
65 21 0
65 22 91
65 23 0
65 24 229
65 25 243
65 26 19
65 27 8
65 28 0
65 29 6
65 30 139
65 31 25
65 32 172
65 33 218
65 34 108
65 35 247
65 36 0
65 37 169
65 38 237
65 39 187
65 40 0
65 41 217
65 42 140
65 43 0
65 44 160
65 45 180
65 46 145
65 47 134
65 48 184
65 49 23
65 50 93
65 51 87
65 52 0
65 53 53
65 54 93
65 55 0
65 56 171
65 57 69
65 58 217
65 59 193
66 0 0
66 1 165
66 2 212
66 3 130
66 4 243
66 5 55
66 6 125
66 7 0
66 8 78
66 9 0
66 10 205
66 11 0
66 12 128
66 13 213
66 14 68
66 15 2
66 16 8
66 17 0
66 18 94
66 19 248
66 20 186
66 21 145
66 22 15
66 23 139
66 24 154
66 25 127
66 26 71
66 27 0
66 28 0
66 29 62
66 30 0
66 31 4
66 32 101
66 33 34
66 34 0
66 35 20
66 36 0
66 37 131
66 38 44
66 39 141
66 40 245
66 41 55
66 42 0
66 43 6
66 44 0
66 45 208
66 46 58
66 47 0
66 48 163
66 49 0
66 50 133
66 51 7
66 52 83
66 53 160
66 54 0
66 55 0
66 56 241
66 57 0
66 58 210
66 59 0
67 0 130
67 1 0
67 2 146
67 3 108
67 4 0
67 5 0
67 6 128
67 7 134
67 8 171
67 9 231
67 10 134
67 11 227
67 12 14
67 13 0
67 14 0
67 15 196
67 16 0
67 17 109
67 18 0
67 19 0
67 20 216
67 21 251
67 22 55
67 23 24
67 24 221
67 25 131
67 26 67
67 27 170
67 28 0
67 29 114
67 30 0
67 31 237
67 32 0
67 33 39
67 34 134
67 35 129
67 36 164
67 37 152
67 38 195
67 39 156
67 40 25
67 41 121
67 42 0
67 43 64
67 44 111
67 45 246
67 46 157
67 47 201
67 48 0
67 49 228
67 50 127
67 51 0
67 52 0
67 53 37
67 54 150
67 55 0
67 56 76
67 57 178
67 58 51
67 59 1
68 0 153
68 1 0
68 2 0
68 3 88
68 4 0
68 5 0
68 6 0
68 7 0
68 8 26
68 9 153
68 10 194
68 11 83
68 12 252
68 13 64
68 14 161
68 15 109
68 16 100
68 17 64
68 18 7
68 19 0
68 20 58
68 21 198
68 22 108
68 23 180
68 24 0
68 25 131
68 26 35
68 27 232
68 28 143
68 29 131
68 30 0
68 31 101
68 32 26
68 33 215
68 34 24
68 35 58
68 36 0
68 37 0
68 38 202
68 39 37
68 40 244
68 41 195
68 42 0
68 43 0
68 44 19
68 45 136
68 46 0
68 47 112
68 48 153
68 49 243
68 50 0
68 51 0
68 52 0
68 53 0
68 54 204
68 55 143
68 56 90
68 57 35
68 58 81
68 59 119
69 0 152
69 1 7
69 2 0
69 3 221
69 4 40
69 5 180
69 6 127
69 7 79
69 8 235
69 9 58
69 10 140
69 11 207
69 12 0
69 13 0
69 14 93
69 15 83
69 16 62
69 17 2
69 18 128
69 19 61
69 20 0
69 21 31
69 22 232
69 23 85
69 24 0
69 25 255
69 26 3
69 27 138
69 28 216
69 29 0
69 30 0
69 31 118
69 32 0
69 33 154
69 34 0
69 35 129
69 36 78
69 37 50
69 38 124
69 39 127
69 40 51
69 41 0
69 42 203
69 43 190
69 44 0
69 45 106
69 46 9
69 47 1
69 48 253
69 49 187
69 50 0
69 51 109
69 52 63
69 53 17
69 54 23
69 55 0
69 56 178
69 57 0
69 58 249
69 59 126
70 0 200
70 1 157
70 2 232
70 3 30
70 4 115
70 5 204
70 6 155
70 7 71
70 8 186
70 9 28
70 10 166
70 11 222
70 12 0
70 13 0
70 14 0
70 15 45
70 16 0
70 17 126
70 18 166
70 19 0
70 20 206
70 21 173
70 22 43
70 23 180
70 24 0
70 25 245
70 26 0
70 27 136
70 28 207
70 29 170
70 30 0
70 31 76
70 32 0
70 33 189
70 34 5
70 35 14
70 36 154
70 37 172
70 38 3
70 39 0
70 40 65
70 41 121
70 42 0
70 43 0
70 44 0
70 45 0
70 46 28
70 47 61
70 48 68
70 49 71
70 50 131
70 51 0
70 52 0
70 53 254
70 54 116
70 55 0
70 56 76
70 57 168
70 58 140
70 59 0
71 0 0
71 1 77
71 2 0
71 3 240
71 4 165
71 5 155
71 6 206
71 7 37
71 8 156
71 9 121
71 10 125
71 11 140
71 12 0
71 13 223
71 14 68
71 15 0
71 16 166
71 17 12
71 18 0
71 19 130
71 20 60
71 21 3
71 22 105
71 23 0
71 24 130
71 25 46
71 26 224
71 27 0
71 28 12
71 29 0
71 30 205
71 31 0
71 32 14
71 33 121
71 34 119
71 35 82
71 36 0
71 37 0
71 38 131
71 39 196
71 40 157
71 41 187
71 42 0
71 43 147
71 44 117
71 45 82
71 46 4
71 47 182
71 48 129
71 49 232
71 50 226
71 51 179
71 52 0
71 53 42
71 54 0
71 55 0
71 56 61
71 57 0
71 58 96
71 59 95
72 0 113
72 1 211
72 2 0
72 3 20
72 4 0
72 5 0
72 6 182
72 7 170
72 8 0
72 9 216
72 10 120
72 11 85
72 12 137
72 13 37
72 14 65
72 15 92
72 16 234
72 17 222
72 18 176
72 19 0
72 20 0
72 21 0
72 22 202
72 23 72
72 24 0
72 25 0
72 26 0
72 27 37
72 28 28
72 29 0
72 30 123
72 31 146
72 32 240
72 33 8
72 34 23
72 35 0
72 36 92
72 37 123
72 38 166
72 39 189
72 40 218
72 41 0
72 42 90
72 43 0
72 44 112
72 45 0
72 46 60
72 47 0
72 48 222
72 49 0
72 50 76
72 51 0
72 52 0
72 53 163
72 54 0
72 55 147
72 56 44
72 57 15
72 58 0
72 59 115
73 0 222
73 1 27
73 2 212
73 3 53
73 4 94
73 5 158
73 6 15
73 7 209
73 8 240
73 9 44
73 10 0
73 11 176
73 12 35
73 13 80
73 14 0
73 15 205
73 16 35
73 17 37
73 18 154
73 19 14
73 20 3
73 21 169
73 22 252
73 23 195
73 24 186
73 25 141
73 26 190
73 27 0
73 28 192
73 29 0
73 30 63
73 31 61
73 32 249
73 33 12
73 34 206
73 35 0
73 36 101
73 37 57
73 38 87
73 39 173
73 40 0
73 41 233
73 42 0
73 43 0
73 44 105
73 45 0
73 46 29
73 47 0
73 48 18
73 49 0
73 50 33
73 51 253
73 52 57
73 53 193
73 54 207
73 55 9
73 56 0
73 57 0
73 58 0
73 59 105
Case Transpose :
0 0 190
1 1 35
2 2 142
3 2 79
4 0 25
4 1 134
5 0 35
5 1 32
5 4 172
5 5 152
6 1 153
6 2 166
6 3 142
6 5 125
6 6 207
7 0 97
7 1 142
7 5 5
7 7 206
8 0 135
8 1 51
8 3 248
8 5 23
8 6 148
8 7 9
8 8 226
9 1 113
9 2 184
9 3 58
9 4 247
9 5 46
9 6 181
9 7 37
9 8 75
9 9 147
10 0 66
10 1 143
10 2 36
10 4 111
10 6 180
10 7 51
10 8 198
11 0 228
11 1 137
11 2 112
11 4 161
11 5 200
11 6 180
11 7 200
11 8 24
11 10 85
11 11 239
12 0 37
12 1 45
12 2 170
12 3 165
12 4 31
12 6 174
12 8 117
12 9 95
12 10 66
12 11 156
12 12 203
13 0 202
13 1 30
13 2 96
13 3 113
13 4 184
13 5 123
13 6 125
13 7 189
13 8 121
13 11 163
13 12 230
13 13 115
14 0 175
14 1 207
14 2 165
14 4 75
14 5 174
14 7 10
14 8 44
14 9 19
14 11 34
14 12 136
14 13 251
15 0 223
15 1 48
15 2 247
15 3 140
15 4 212
15 5 38
15 6 146
15 7 188
15 8 88
15 10 46
15 11 237
15 12 155
15 13 177
15 15 84
16 0 40
16 1 222
16 4 150
16 5 151
16 7 43
16 9 159
16 12 94
16 13 180
16 14 130
16 16 153
17 0 220
17 1 190
17 2 148
17 5 61
17 7 217
17 10 88
17 12 146
17 14 247
17 16 157
17 17 37
18 2 210
18 5 199
18 7 137
18 8 197
18 9 173
18 11 89
18 12 254
18 13 56
18 14 235
18 15 74
18 18 251
19 0 68
19 1 156
19 2 17
19 3 61
19 5 5
19 6 218
19 7 196
19 8 100
19 12 197
19 16 213
19 18 66
19 19 136
20 0 219
20 1 170
20 2 213
20 3 122
20 4 144
20 5 154
20 7 144
20 9 30
20 11 251
20 12 233
20 14 186
20 16 163
20 17 219
20 18 17
20 20 176
21 0 153
21 1 117
21 6 221
21 7 103
21 8 213
21 9 140
21 10 127
21 11 116
21 13 122
21 14 40
21 16 176
21 17 170
21 19 1
21 21 39
22 0 237
22 4 187
22 6 158
22 7 50
22 8 220
22 9 208
22 10 1
22 11 16
22 12 81
22 13 52
22 15 73
22 18 122
22 19 142
22 20 30
22 21 203
22 22 10
23 0 243
23 2 129
23 3 168
23 5 180
23 6 2
23 8 51
23 9 6
23 12 42
23 13 148
23 14 172
23 15 142
23 17 19
23 19 27
23 20 112
23 22 226
23 23 223
24 1 34
24 2 94
24 3 88
24 5 165
24 7 231
24 9 174
24 10 216
24 11 95
24 12 7
24 13 81
24 14 226
24 16 78
24 18 127
24 19 107
24 20 226
24 21 50
24 22 203
25 4 109
25 5 156
25 10 33
25 11 217
25 14 25
25 15 207
25 16 203
25 18 143
25 19 228
25 20 239
25 22 193
25 23 15
25 24 141
25 25 184
26 0 78
26 1 65
26 2 138
26 4 223
26 6 74
26 7 30
26 8 93
26 9 132
26 10 54
26 11 8
26 13 154
26 16 238
26 17 194
26 18 96
26 19 241
26 20 237
26 21 119
26 23 56
26 24 112
26 25 10
26 26 196
27 0 138
27 1 59
27 4 149
27 5 15
27 9 216
27 10 120
27 11 41
27 12 156
27 13 211
27 14 159
27 15 197
27 17 146
27 18 191
27 19 155
27 20 186
27 21 171
27 24 211
27 25 77
27 26 212
27 27 86
28 1 101
28 2 60
28 3 181
28 5 58
28 6 55
28 7 151
28 8 181
28 9 119
28 11 236
28 12 132
28 13 170
28 14 115
28 16 172
28 18 0
28 22 135
28 24 163
28 26 119
28 27 183
29 0 184
29 1 144
29 2 188
29 4 4
29 5 211
29 6 95
29 7 208
29 9 94
29 10 208
29 11 237
29 13 157
29 14 206
29 17 176
29 18 230
29 19 228
29 20 12
29 22 39
29 23 16
29 24 212
29 25 175
29 27 157
29 28 51
29 29 123
30 0 107
30 1 190
30 3 59
30 5 222
30 7 16
30 8 134
30 11 117
30 13 203
30 14 27
30 15 135
30 16 173
30 17 108
30 18 121
30 19 81
30 20 79
30 21 142
30 24 207
30 26 73
30 27 123
30 28 134
30 30 106
31 0 23
31 2 201
31 4 219
31 5 38
31 6 122
31 7 129
31 8 193
31 9 79
31 10 141
31 11 80
31 12 102
31 13 12
31 16 56
31 17 124
31 18 129
31 19 10
31 21 91
31 22 224
31 23 223
31 24 224
31 25 127
31 27 101
31 29 250
31 30 10
32 0 120
32 1 153
32 2 97
32 6 148
32 7 63
32 11 144
32 12 177
32 14 39
32 15 219
32 16 49
32 18 10
32 21 207
32 23 144
32 24 212
32 25 28
32 29 244
32 30 143
32 31 239
32 32 11
33 0 238
33 2 59
33 3 175
33 5 85
33 6 56
33 7 103
33 8 200
33 9 255
33 10 231
33 12 11
33 14 209
33 17 125
33 18 77
33 19 128
33 20 85
33 21 58
33 22 117
33 23 118
33 26 202
33 28 59
33 30 215
33 31 61
33 32 57
33 33 175
34 2 5
34 3 4
34 4 17
34 6 159
34 7 70
34 8 82
34 9 201
34 11 245
34 12 103
34 14 128
34 15 56
34 17 174
34 18 86
34 20 137
34 22 86
34 23 255
34 25 213
34 26 28
34 28 72
34 29 161
34 30 51
34 32 86
34 33 173
34 34 247
35 0 9
35 1 168
35 2 76
35 3 143
35 6 203
35 7 167
35 8 191
35 9 117
35 10 70
35 11 6
35 12 186
35 13 122
35 14 115
35 15 25
35 16 150
35 17 224
35 18 158
35 19 190
35 20 106
35 22 188
35 23 34
35 24 158
35 25 117
35 27 149
35 31 59
35 32 130
35 33 124
35 34 167
35 35 230
36 2 44
36 5 200
36 6 67
36 10 70
36 11 148
36 12 89
36 13 217
36 14 213
36 17 75
36 18 172
36 19 235
36 20 8
36 22 124
36 23 110
36 24 201
36 25 86
36 27 171
36 29 9
36 30 218
36 32 37
36 34 131
36 35 219
36 36 92
37 0 182
37 1 73
37 2 70
37 5 253
37 6 106
37 7 47
37 9 21
37 10 40
37 13 118
37 14 205
37 15 97
37 16 24
37 17 64
37 18 19
37 21 95
37 23 241
37 24 10
37 25 101
37 27 125
37 28 192
37 29 163
37 31 3
37 34 203
37 35 62
37 36 62
37 37 180
38 0 31
38 1 90
38 2 202
38 3 242
38 4 62
38 5 94
38 6 49
38 7 75
38 8 93
38 9 47
38 10 62
38 11 9
38 13 175
38 15 161
38 17 103
38 18 213
38 20 13
38 22 39
38 23 84
38 24 6
38 25 56
38 26 110
38 28 30
38 29 180
38 32 192
38 33 71
38 34 15
38 35 122
38 36 143
38 37 163
38 38 2
39 0 126
39 1 105
39 2 247
39 3 185
39 6 50
39 7 223
39 8 121
39 11 120
39 12 152
39 15 20
39 16 89
39 17 186
39 20 142
39 22 215
39 23 83
39 25 253
39 27 195
39 29 189
39 30 209
39 31 216
39 32 79
39 33 195
39 35 50
39 36 20
39 37 78
39 38 218
39 39 251
40 1 8
40 3 128
40 4 0
40 6 240
40 8 255
40 9 124
40 10 193
40 11 217
40 12 94
40 14 38
40 15 207
40 16 192
40 17 211
40 18 43
40 19 141
40 20 20
40 21 108
40 22 6
40 23 228
40 24 224
40 25 90
40 29 174
40 30 154
40 31 222
40 32 46
40 33 213
40 34 58
40 35 149
40 36 237
40 37 180
40 38 11
40 39 225
40 40 68
41 1 103
41 2 250
41 3 20
41 4 30
41 6 50
41 7 98
41 9 173
41 12 127
41 13 198
41 14 85
41 15 110
41 18 157
41 19 38
41 21 76
41 22 66
41 24 84
41 25 25
41 26 2
41 27 167
41 28 174
41 29 97
41 30 58
41 31 57
41 32 99
41 33 91
41 34 205
41 35 160
41 36 235
41 37 75
41 38 51
41 39 192
41 40 88
42 0 14
42 1 203
42 2 29
42 5 82
42 6 18
42 7 125
42 8 112
42 9 58
42 10 80
42 11 208
42 12 197
42 13 229
42 14 49
42 15 210
42 16 207
42 20 61
42 21 246
42 22 89
42 23 116
42 24 169
42 25 185
42 26 152
42 27 77
42 28 224
42 29 101
42 30 116
42 31 183
42 32 147
42 33 23
42 34 118
42 37 225
42 40 191
42 41 158
42 42 25
43 0 52
43 3 7
43 4 58
43 5 64
43 6 111
43 7 188
43 10 120
43 11 250
43 12 115
43 13 44
43 14 183
43 15 97
43 17 79
43 19 24
43 20 156
43 21 182
43 22 219
43 24 85
43 25 98
43 26 198
43 28 17
43 29 61
43 30 233
43 31 191
43 32 22
43 33 103
43 34 28
43 35 84
43 38 246
43 40 240
43 41 170
44 0 182
44 1 44
44 2 66
44 3 37
44 4 79
44 5 159
44 6 203
44 7 245
44 8 240
44 9 233
44 10 26
44 11 49
44 12 113
44 13 142
44 14 144
44 15 146
44 16 210
44 17 253
44 19 118
44 20 195
44 21 75
44 22 12
44 23 80
44 24 114
44 25 48
44 26 121
44 30 3
44 33 36
44 34 40
44 35 64
44 37 95
44 39 190
44 40 134
44 42 22
44 44 223
45 0 3
45 1 91
45 2 71
45 3 160
45 9 122
45 10 62
45 11 183
45 12 176
45 13 85
45 15 109
45 17 157
45 19 186
45 20 53
45 22 131
45 23 133
45 26 12
45 27 28
45 28 49
45 29 228
45 32 0
45 33 54
45 35 175
45 37 89
45 38 255
45 39 177
45 41 148
45 42 158
45 44 80
45 45 223
46 0 77
46 1 191
46 2 94
46 5 108
46 6 91
46 7 146
46 8 142
46 9 228
46 10 253
46 11 31
46 12 187
46 14 202
46 15 141
46 16 76
46 19 9
46 20 193
46 21 25
46 22 110
46 23 118
46 24 80
46 25 67
46 26 94
46 28 208
46 29 181
46 30 113
46 31 151
46 35 139
46 38 253
46 39 24
46 40 237
46 41 233
46 42 179
46 43 237
46 44 171
46 45 56
46 46 166
47 0 237
47 1 81
47 3 17
47 4 152
47 6 238
47 8 22
47 9 83
47 10 205
47 11 226
47 17 228
47 18 138
47 19 169
47 22 172
47 23 48
47 24 122
47 25 54
47 26 190
47 27 88
47 29 144
47 30 229
47 31 183
47 32 251
47 33 116
47 34 95
47 35 118
47 37 187
47 38 5
47 39 114
47 41 113
47 43 3
47 44 35
47 47 30
48 0 194
48 2 113
48 3 170
48 4 245
48 5 102
48 7 221
48 9 21
48 11 92
48 12 82
48 13 169
48 14 216
48 15 43
48 16 24
48 17 164
48 18 67
48 19 225
48 21 74
48 23 220
48 24 63
48 25 249
48 26 2
48 30 52
48 31 57
48 32 146
48 33 15
48 36 155
48 38 195
48 39 174
48 40 17
48 41 191
48 42 39
48 43 116
48 48 96
49 0 136
49 3 9
49 4 30
49 5 179
49 6 54
49 7 179
49 9 189
49 10 209
49 11 143
49 12 77
49 13 173
49 14 236
49 15 13
49 18 1
49 21 11
49 27 217
49 28 58
49 29 87
49 30 105
49 31 174
49 32 166
49 34 94
49 35 67
49 36 250
49 37 4
49 38 187
49 39 52
49 40 194
49 41 126
49 42 62
49 43 45
49 44 201
49 45 69
49 46 172
50 0 38
50 2 108
50 3 195
50 5 85
50 6 248
50 8 151
50 9 124
50 10 26
50 12 254
50 13 76
50 14 24
50 15 198
50 16 226
50 18 89
50 19 189
50 20 120
50 22 130
50 23 242
50 24 52
50 26 186
50 27 43
50 28 150
50 29 42
50 30 146
50 32 215
50 34 4
50 36 174
50 37 109
50 38 50
50 39 28
50 40 104
50 41 230
50 42 33
50 44 120
50 45 164
50 47 96
50 48 25
50 49 64
50 50 35
51 3 74
51 4 243
51 6 10
51 8 204
51 11 64
51 13 234
51 15 159
51 17 76
51 18 121
51 19 154
51 20 83
51 21 26
51 22 131
51 25 48
51 26 158
51 27 58
51 28 55
51 29 179
51 30 160
51 32 108
51 33 159
51 35 140
51 36 223
51 38 62
51 39 128
51 40 117
51 41 150
51 44 12
51 46 48
51 47 167
51 49 182
51 51 30
52 1 180
52 2 254
52 4 71
52 5 46
52 6 206
52 8 68
52 9 89
52 12 216
52 14 136
52 15 115
52 16 147
52 17 45
52 18 44
52 19 117
52 20 117
52 21 173
52 25 185
52 26 46
52 27 63
52 28 201
52 29 28
52 30 187
52 31 93
52 33 132
52 34 218
52 35 118
52 36 96
52 37 250
52 38 49
52 40 120
52 42 45
52 43 82
52 44 75
52 45 90
52 46 93
52 47 71
52 48 248
52 49 59
52 50 225
53 0 221
53 2 46
53 3 243
53 4 230
53 5 146
53 6 9
53 8 90
53 9 178
53 10 100
53 12 16
53 14 83
53 15 246
53 16 82
53 17 36
53 18 154
53 19 173
53 22 230
53 23 228
53 24 170
53 26 36
53 29 148
53 30 21
53 31 75
53 33 138
53 35 141
53 36 9
53 38 155
53 39 195
53 40 102
53 43 208
53 44 218
53 45 224
53 46 186
53 47 27
53 48 54
53 49 145
53 50 105
53 51 95
53 53 88
54 0 141
54 1 108
54 2 215
54 3 64
54 4 16
54 5 101
54 6 169
54 7 133
54 10 238
54 12 62
54 13 93
54 14 211
54 15 225
54 16 170
54 17 249
54 18 22
54 19 213
54 21 62
54 24 230
54 26 16
54 27 69
54 29 244
54 30 223
54 31 124
54 32 170
54 33 82
54 34 85
54 35 208
54 36 134
54 38 232
54 39 120
54 43 238
54 44 182
54 45 18
54 46 133
54 47 85
54 49 118
54 50 217
54 51 132
54 52 213
54 53 120
54 54 159
55 1 55
55 2 180
55 3 24
55 5 92
55 6 23
55 7 243
55 8 112
55 9 106
55 11 122
55 14 86
55 15 75
55 16 21
55 18 130
55 20 64
55 21 72
55 22 109
55 23 54
55 24 43
55 25 172
55 26 165
55 27 105
55 30 110
55 32 149
55 35 19
55 37 103
55 38 36
55 39 239
55 40 203
55 41 146
55 42 182
55 43 18
55 45 177
55 46 206
55 47 188
55 49 37
55 50 224
55 52 126
55 53 201
55 54 49
55 55 196
56 1 83
56 2 105
56 3 238
56 4 75
56 5 172
56 6 151
56 7 215
56 8 116
56 9 173
56 11 198
56 15 247
56 17 167
56 18 131
56 20 52
56 21 149
56 22 5
56 23 29
56 24 26
56 25 123
56 26 162
56 27 169
56 29 191
56 31 46
56 33 254
56 35 245
56 36 73
56 38 12
56 39 17
56 40 104
56 41 122
56 42 87
56 45 239
56 46 17
56 47 0
56 48 59
56 50 230
56 51 127
56 52 95
56 54 127
56 55 83
56 56 182
57 1 45
57 2 236
57 3 73
57 4 124
57 5 136
57 6 150
57 7 66
57 8 247
57 9 251
57 10 9
57 11 173
57 12 146
57 13 12
57 14 65
57 16 35
57 17 57
57 18 188
57 19 119
57 21 193
57 22 223
57 24 86
57 25 154
57 26 114
57 27 183
57 28 214
57 29 111
57 30 127
57 31 75
57 32 45
57 34 67
57 35 188
57 36 201
57 38 59
57 39 154
57 41 229
57 42 31
57 43 214
57 45 188
57 46 250
57 48 82
57 50 11
57 51 78
57 52 97
57 53 76
57 54 147
57 55 133
57 56 162
57 57 184
58 1 160
58 2 102
58 4 56
58 5 180
58 8 94
58 9 251
58 11 244
58 12 162
58 13 3
58 14 47
58 15 156
58 16 39
58 17 121
58 19 14
58 20 184
58 21 100
58 23 87
58 24 81
58 25 34
58 26 116
58 27 40
58 28 85
58 29 247
58 30 46
58 31 42
58 32 93
58 34 237
58 35 151
58 36 215
58 38 210
58 39 147
58 40 179
58 41 74
58 42 52
58 43 229
58 44 58
58 45 38
58 46 26
58 47 20
58 48 136
58 49 191
58 50 239
58 53 25
58 54 166
58 55 137
58 56 159
58 58 97
59 0 13
59 1 7
59 2 152
59 4 14
59 5 48
59 6 222
59 7 98
59 9 76
59 10 226
59 12 62
59 13 128
59 14 183
59 15 20
59 16 9
59 17 24
59 18 106
59 19 121
59 21 160
59 26 149
59 28 121
59 29 212
59 31 73
59 32 165
59 36 132
59 39 101
59 40 19
59 41 49
59 42 55
59 43 115
59 44 93
59 47 99
59 49 214
59 50 223
59 51 94
59 52 180
59 54 131
59 55 43
59 56 230
59 58 58
60 0 29
60 2 49
60 3 114
60 4 128
60 5 145
60 6 189
60 7 6
60 8 65
60 10 213
60 13 187
60 14 108
60 15 29
60 16 150
60 17 45
60 18 235
60 19 130
60 21 244
60 24 102
60 25 195
60 27 157
60 28 244
60 29 12
60 31 239
60 32 103
60 34 21
60 35 23
60 38 176
60 39 166
60 40 204
60 42 49
60 43 196
60 44 64
60 45 216
60 46 30
60 47 29
60 50 17
60 52 229
60 54 230
60 55 141
60 56 201
60 57 179
60 58 8
60 59 240
61 0 235
61 1 187
61 3 69
61 4 8
61 5 84
61 6 68
61 8 93
61 9 61
61 11 183
61 12 27
61 13 132
61 14 228
61 17 1
61 18 26
61 20 119
61 21 211
61 22 178
61 23 173
61 26 217
61 27 70
61 28 244
61 30 37
61 32 200
61 36 134
61 37 202
61 41 169
61 43 95
61 44 223
61 45 40
61 46 6
61 48 220
61 49 211
61 50 45
61 51 115
61 52 76
61 53 18
61 54 185
61 55 119
61 57 150
61 59 198
62 0 164
62 1 0
62 2 83
62 3 177
62 4 98
62 5 246
62 6 245
62 7 177
62 8 93
62 9 39
62 10 236
62 12 134
62 14 114
62 15 101
62 16 190
62 17 64
62 18 243
62 19 193
62 21 110
62 23 159
62 24 53
62 26 90
62 27 175
62 28 17
62 29 114
62 31 116
62 32 141
62 33 22
62 36 243
62 37 50
62 38 130
62 39 196
62 40 3
62 41 113
62 44 157
62 45 164
62 48 59
62 49 185
62 50 30
62 52 36
62 53 94
62 54 8
62 55 126
62 56 26
62 58 200
62 59 18
63 0 73
63 1 255
63 2 184
63 3 253
63 4 249
63 5 244
63 6 112
63 7 196
63 8 161
63 9 67
63 10 224
63 11 74
63 12 41
63 13 61
63 14 153
63 16 95
63 17 159
63 20 122
63 21 188
63 22 40
63 23 55
63 26 45
63 27 60
63 28 50
63 29 242
63 30 39
63 31 27
63 32 143
63 33 175
63 34 70
63 36 220
63 37 156
63 38 20
63 39 56
63 40 153
63 41 128
63 42 92
63 43 66
63 44 54
63 46 93
63 48 97
63 49 219
63 50 211
63 53 227
63 54 91
63 56 157
63 58 189
63 59 36
64 1 84
64 2 197
64 4 109
64 5 108
64 6 75
64 7 169
64 8 169
64 9 244
64 11 45
64 12 159
64 15 219
64 16 222
64 17 241
64 18 216
64 19 22
64 20 110
64 21 225
64 24 33
64 25 52
64 28 252
64 29 32
64 30 52
64 32 193
64 35 8
64 37 208
64 38 229
64 39 142
64 40 21
64 41 219
64 42 41
64 44 208
64 47 145
64 50 116
64 51 177
64 53 233
64 56 70
64 59 96
65 0 88
65 1 16
65 2 171
65 4 150
65 5 189
65 6 176
65 8 31
65 11 235
65 12 130
65 13 182
65 14 101
65 18 85
65 19 128
65 20 75
65 22 91
65 24 229
65 25 243
65 26 19
65 27 8
65 29 6
65 30 139
65 31 25
65 32 172
65 33 218
65 34 108
65 35 247
65 37 169
65 38 237
65 39 187
65 41 217
65 42 140
65 44 160
65 45 180
65 46 145
65 47 134
65 48 184
65 49 23
65 50 93
65 51 87
65 53 53
65 54 93
65 56 171
65 57 69
65 58 217
65 59 193
66 1 165
66 2 212
66 3 130
66 4 243
66 5 55
66 6 125
66 8 78
66 10 205
66 12 128
66 13 213
66 14 68
66 15 2
66 16 8
66 18 94
66 19 248
66 20 186
66 21 145
66 22 15
66 23 139
66 24 154
66 25 127
66 26 71
66 29 62
66 31 4
66 32 101
66 33 34
66 35 20
66 37 131
66 38 44
66 39 141
66 40 245
66 41 55
66 43 6
66 45 208
66 46 58
66 48 163
66 50 133
66 51 7
66 52 83
66 53 160
66 56 241
66 58 210
66 59 0
67 0 130
67 2 146
67 3 108
67 6 128
67 7 134
67 8 171
67 9 231
67 10 134
67 11 227
67 12 14
67 15 196
67 17 109
67 20 216
67 21 251
67 22 55
67 23 24
67 24 221
67 25 131
67 26 67
67 27 170
67 29 114
67 31 237
67 33 39
67 34 134
67 35 129
67 36 164
67 37 152
67 38 195
67 39 156
67 40 25
67 41 121
67 43 64
67 44 111
67 45 246
67 46 157
67 47 201
67 49 228
67 50 127
67 53 37
67 54 150
67 56 76
67 57 178
67 58 51
67 59 1
68 0 153
68 3 88
68 8 26
68 9 153
68 10 194
68 11 83
68 12 252
68 13 64
68 14 161
68 15 109
68 16 100
68 17 64
68 18 7
68 20 58
68 21 198
68 22 108
68 23 180
68 25 131
68 26 35
68 27 232
68 28 143
68 29 131
68 31 101
68 32 26
68 33 215
68 34 24
68 35 58
68 38 202
68 39 37
68 40 244
68 41 195
68 44 19
68 45 136
68 47 112
68 48 153
68 49 243
68 54 204
68 55 143
68 56 90
68 57 35
68 58 81
68 59 119
69 0 152
69 1 7
69 3 221
69 4 40
69 5 180
69 6 127
69 7 79
69 8 235
69 9 58
69 10 140
69 11 207
69 14 93
69 15 83
69 16 62
69 17 2
69 18 128
69 19 61
69 21 31
69 22 232
69 23 85
69 25 255
69 26 3
69 27 138
69 28 216
69 31 118
69 33 154
69 35 129
69 36 78
69 37 50
69 38 124
69 39 127
69 40 51
69 42 203
69 43 190
69 45 106
69 46 9
69 47 1
69 48 253
69 49 187
69 51 109
69 52 63
69 53 17
69 54 23
69 56 178
69 58 249
69 59 126
70 0 200
70 1 157
70 2 232
70 3 30
70 4 115
70 5 204
70 6 155
70 7 71
70 8 186
70 9 28
70 10 166
70 11 222
70 15 45
70 17 126
70 18 166
70 20 206
70 21 173
70 22 43
70 23 180
70 25 245
70 27 136
70 28 207
70 29 170
70 31 76
70 33 189
70 34 5
70 35 14
70 36 154
70 37 172
70 38 3
70 40 65
70 41 121
70 46 28
70 47 61
70 48 68
70 49 71
70 50 131
70 53 254
70 54 116
70 56 76
70 57 168
70 58 140
71 1 77
71 3 240
71 4 165
71 5 155
71 6 206
71 7 37
71 8 156
71 9 121
71 10 125
71 11 140
71 13 223
71 14 68
71 16 166
71 17 12
71 19 130
71 20 60
71 21 3
71 22 105
71 24 130
71 25 46
71 26 224
71 28 12
71 30 205
71 32 14
71 33 121
71 34 119
71 35 82
71 38 131
71 39 196
71 40 157
71 41 187
71 43 147
71 44 117
71 45 82
71 46 4
71 47 182
71 48 129
71 49 232
71 50 226
71 51 179
71 53 42
71 56 61
71 58 96
71 59 95
72 0 113
72 1 211
72 3 20
72 6 182
72 7 170
72 9 216
72 10 120
72 11 85
72 12 137
72 13 37
72 14 65
72 15 92
72 16 234
72 17 222
72 18 176
72 22 202
72 23 72
72 27 37
72 28 28
72 30 123
72 31 146
72 32 240
72 33 8
72 34 23
72 36 92
72 37 123
72 38 166
72 39 189
72 40 218
72 42 90
72 44 112
72 46 60
72 48 222
72 50 76
72 53 163
72 55 147
72 56 44
72 57 15
72 59 115
73 0 222
73 1 27
73 2 212
73 3 53
73 4 94
73 5 158
73 6 15
73 7 209
73 8 240
73 9 44
73 11 176
73 12 35
73 13 80
73 15 205
73 16 35
73 17 37
73 18 154
73 19 14
73 20 3
73 21 169
73 22 252
73 23 195
73 24 186
73 25 141
73 26 190
73 28 192
73 30 63
73 31 61
73 32 249
73 33 12
73 34 206
73 36 101
73 37 57
73 38 87
73 39 173
73 41 233
73 44 105
73 46 29
73 48 18
73 50 33
73 51 253
73 52 57
73 53 193
73 54 207
73 55 9
73 59 105
Case FastTranspose :
0 0 190
1 1 35
2 2 142
3 2 79
4 0 25
4 1 134
5 0 35
5 1 32
5 4 172
5 5 152
6 1 153
6 2 166
6 3 142
6 5 125
6 6 207
7 0 97
7 1 142
7 5 5
7 7 206
8 0 135
8 1 51
8 3 248
8 5 23
8 6 148
8 7 9
8 8 226
9 1 113
9 2 184
9 3 58
9 4 247
9 5 46
9 6 181
9 7 37
9 8 75
9 9 147
10 0 66
10 1 143
10 2 36
10 4 111
10 6 180
10 7 51
10 8 198
11 0 228
11 1 137
11 2 112
11 4 161
11 5 200
11 6 180
11 7 200
11 8 24
11 10 85
11 11 239
12 0 37
12 1 45
12 2 170
12 3 165
12 4 31
12 6 174
12 8 117
12 9 95
12 10 66
12 11 156
12 12 203
13 0 202
13 1 30
13 2 96
13 3 113
13 4 184
13 5 123
13 6 125
13 7 189
13 8 121
13 11 163
13 12 230
13 13 115
14 0 175
14 1 207
14 2 165
14 4 75
14 5 174
14 7 10
14 8 44
14 9 19
14 11 34
14 12 136
14 13 251
15 0 223
15 1 48
15 2 247
15 3 140
15 4 212
15 5 38
15 6 146
15 7 188
15 8 88
15 10 46
15 11 237
15 12 155
15 13 177
15 15 84
16 0 40
16 1 222
16 4 150
16 5 151
16 7 43
16 9 159
16 12 94
16 13 180
16 14 130
16 16 153
17 0 220
17 1 190
17 2 148
17 5 61
17 7 217
17 10 88
17 12 146
17 14 247
17 16 157
17 17 37
18 2 210
18 5 199
18 7 137
18 8 197
18 9 173
18 11 89
18 12 254
18 13 56
18 14 235
18 15 74
18 18 251
19 0 68
19 1 156
19 2 17
19 3 61
19 5 5
19 6 218
19 7 196
19 8 100
19 12 197
19 16 213
19 18 66
19 19 136
20 0 219
20 1 170
20 2 213
20 3 122
20 4 144
20 5 154
20 7 144
20 9 30
20 11 251
20 12 233
20 14 186
20 16 163
20 17 219
20 18 17
20 20 176
21 0 153
21 1 117
21 6 221
21 7 103
21 8 213
21 9 140
21 10 127
21 11 116
21 13 122
21 14 40
21 16 176
21 17 170
21 19 1
21 21 39
22 0 237
22 4 187
22 6 158
22 7 50
22 8 220
22 9 208
22 10 1
22 11 16
22 12 81
22 13 52
22 15 73
22 18 122
22 19 142
22 20 30
22 21 203
22 22 10
23 0 243
23 2 129
23 3 168
23 5 180
23 6 2
23 8 51
23 9 6
23 12 42
23 13 148
23 14 172
23 15 142
23 17 19
23 19 27
23 20 112
23 22 226
23 23 223
24 1 34
24 2 94
24 3 88
24 5 165
24 7 231
24 9 174
24 10 216
24 11 95
24 12 7
24 13 81
24 14 226
24 16 78
24 18 127
24 19 107
24 20 226
24 21 50
24 22 203
25 4 109
25 5 156
25 10 33
25 11 217
25 14 25
25 15 207
25 16 203
25 18 143
25 19 228
25 20 239
25 22 193
25 23 15
25 24 141
25 25 184
26 0 78
26 1 65
26 2 138
26 4 223
26 6 74
26 7 30
26 8 93
26 9 132
26 10 54
26 11 8
26 13 154
26 16 238
26 17 194
26 18 96
26 19 241
26 20 237
26 21 119
26 23 56
26 24 112
26 25 10
26 26 196
27 0 138
27 1 59
27 4 149
27 5 15
27 9 216
27 10 120
27 11 41
27 12 156
27 13 211
27 14 159
27 15 197
27 17 146
27 18 191
27 19 155
27 20 186
27 21 171
27 24 211
27 25 77
27 26 212
27 27 86
28 1 101
28 2 60
28 3 181
28 5 58
28 6 55
28 7 151
28 8 181
28 9 119
28 11 236
28 12 132
28 13 170
28 14 115
28 16 172
28 18 0
28 22 135
28 24 163
28 26 119
28 27 183
29 0 184
29 1 144
29 2 188
29 4 4
29 5 211
29 6 95
29 7 208
29 9 94
29 10 208
29 11 237
29 13 157
29 14 206
29 17 176
29 18 230
29 19 228
29 20 12
29 22 39
29 23 16
29 24 212
29 25 175
29 27 157
29 28 51
29 29 123
30 0 107
30 1 190
30 3 59
30 5 222
30 7 16
30 8 134
30 11 117
30 13 203
30 14 27
30 15 135
30 16 173
30 17 108
30 18 121
30 19 81
30 20 79
30 21 142
30 24 207
30 26 73
30 27 123
30 28 134
30 30 106
31 0 23
31 2 201
31 4 219
31 5 38
31 6 122
31 7 129
31 8 193
31 9 79
31 10 141
31 11 80
31 12 102
31 13 12
31 16 56
31 17 124
31 18 129
31 19 10
31 21 91
31 22 224
31 23 223
31 24 224
31 25 127
31 27 101
31 29 250
31 30 10
32 0 120
32 1 153
32 2 97
32 6 148
32 7 63
32 11 144
32 12 177
32 14 39
32 15 219
32 16 49
32 18 10
32 21 207
32 23 144
32 24 212
32 25 28
32 29 244
32 30 143
32 31 239
32 32 11
33 0 238
33 2 59
33 3 175
33 5 85
33 6 56
33 7 103
33 8 200
33 9 255
33 10 231
33 12 11
33 14 209
33 17 125
33 18 77
33 19 128
33 20 85
33 21 58
33 22 117
33 23 118
33 26 202
33 28 59
33 30 215
33 31 61
33 32 57
33 33 175
34 2 5
34 3 4
34 4 17
34 6 159
34 7 70
34 8 82
34 9 201
34 11 245
34 12 103
34 14 128
34 15 56
34 17 174
34 18 86
34 20 137
34 22 86
34 23 255
34 25 213
34 26 28
34 28 72
34 29 161
34 30 51
34 32 86
34 33 173
34 34 247
35 0 9
35 1 168
35 2 76
35 3 143
35 6 203
35 7 167
35 8 191
35 9 117
35 10 70
35 11 6
35 12 186
35 13 122
35 14 115
35 15 25
35 16 150
35 17 224
35 18 158
35 19 190
35 20 106
35 22 188
35 23 34
35 24 158
35 25 117
35 27 149
35 31 59
35 32 130
35 33 124
35 34 167
35 35 230
36 2 44
36 5 200
36 6 67
36 10 70
36 11 148
36 12 89
36 13 217
36 14 213
36 17 75
36 18 172
36 19 235
36 20 8
36 22 124
36 23 110
36 24 201
36 25 86
36 27 171
36 29 9
36 30 218
36 32 37
36 34 131
36 35 219
36 36 92
37 0 182
37 1 73
37 2 70
37 5 253
37 6 106
37 7 47
37 9 21
37 10 40
37 13 118
37 14 205
37 15 97
37 16 24
37 17 64
37 18 19
37 21 95
37 23 241
37 24 10
37 25 101
37 27 125
37 28 192
37 29 163
37 31 3
37 34 203
37 35 62
37 36 62
37 37 180
38 0 31
38 1 90
38 2 202
38 3 242
38 4 62
38 5 94
38 6 49
38 7 75
38 8 93
38 9 47
38 10 62
38 11 9
38 13 175
38 15 161
38 17 103
38 18 213
38 20 13
38 22 39
38 23 84
38 24 6
38 25 56
38 26 110
38 28 30
38 29 180
38 32 192
38 33 71
38 34 15
38 35 122
38 36 143
38 37 163
38 38 2
39 0 126
39 1 105
39 2 247
39 3 185
39 6 50
39 7 223
39 8 121
39 11 120
39 12 152
39 15 20
39 16 89
39 17 186
39 20 142
39 22 215
39 23 83
39 25 253
39 27 195
39 29 189
39 30 209
39 31 216
39 32 79
39 33 195
39 35 50
39 36 20
39 37 78
39 38 218
39 39 251
40 1 8
40 3 128
40 4 0
40 6 240
40 8 255
40 9 124
40 10 193
40 11 217
40 12 94
40 14 38
40 15 207
40 16 192
40 17 211
40 18 43
40 19 141
40 20 20
40 21 108
40 22 6
40 23 228
40 24 224
40 25 90
40 29 174
40 30 154
40 31 222
40 32 46
40 33 213
40 34 58
40 35 149
40 36 237
40 37 180
40 38 11
40 39 225
40 40 68
41 1 103
41 2 250
41 3 20
41 4 30
41 6 50
41 7 98
41 9 173
41 12 127
41 13 198
41 14 85
41 15 110
41 18 157
41 19 38
41 21 76
41 22 66
41 24 84
41 25 25
41 26 2
41 27 167
41 28 174
41 29 97
41 30 58
41 31 57
41 32 99
41 33 91
41 34 205
41 35 160
41 36 235
41 37 75
41 38 51
41 39 192
41 40 88
42 0 14
42 1 203
42 2 29
42 5 82
42 6 18
42 7 125
42 8 112
42 9 58
42 10 80
42 11 208
42 12 197
42 13 229
42 14 49
42 15 210
42 16 207
42 20 61
42 21 246
42 22 89
42 23 116
42 24 169
42 25 185
42 26 152
42 27 77
42 28 224
42 29 101
42 30 116
42 31 183
42 32 147
42 33 23
42 34 118
42 37 225
42 40 191
42 41 158
42 42 25
43 0 52
43 3 7
43 4 58
43 5 64
43 6 111
43 7 188
43 10 120
43 11 250
43 12 115
43 13 44
43 14 183
43 15 97
43 17 79
43 19 24
43 20 156
43 21 182
43 22 219
43 24 85
43 25 98
43 26 198
43 28 17
43 29 61
43 30 233
43 31 191
43 32 22
43 33 103
43 34 28
43 35 84
43 38 246
43 40 240
43 41 170
44 0 182
44 1 44
44 2 66
44 3 37
44 4 79
44 5 159
44 6 203
44 7 245
44 8 240
44 9 233
44 10 26
44 11 49
44 12 113
44 13 142
44 14 144
44 15 146
44 16 210
44 17 253
44 19 118
44 20 195
44 21 75
44 22 12
44 23 80
44 24 114
44 25 48
44 26 121
44 30 3
44 33 36
44 34 40
44 35 64
44 37 95
44 39 190
44 40 134
44 42 22
44 44 223
45 0 3
45 1 91
45 2 71
45 3 160
45 9 122
45 10 62
45 11 183
45 12 176
45 13 85
45 15 109
45 17 157
45 19 186
45 20 53
45 22 131
45 23 133
45 26 12
45 27 28
45 28 49
45 29 228
45 32 0
45 33 54
45 35 175
45 37 89
45 38 255
45 39 177
45 41 148
45 42 158
45 44 80
45 45 223
46 0 77
46 1 191
46 2 94
46 5 108
46 6 91
46 7 146
46 8 142
46 9 228
46 10 253
46 11 31
46 12 187
46 14 202
46 15 141
46 16 76
46 19 9
46 20 193
46 21 25
46 22 110
46 23 118
46 24 80
46 25 67
46 26 94
46 28 208
46 29 181
46 30 113
46 31 151
46 35 139
46 38 253
46 39 24
46 40 237
46 41 233
46 42 179
46 43 237
46 44 171
46 45 56
46 46 166
47 0 237
47 1 81
47 3 17
47 4 152
47 6 238
47 8 22
47 9 83
47 10 205
47 11 226
47 17 228
47 18 138
47 19 169
47 22 172
47 23 48
47 24 122
47 25 54
47 26 190
47 27 88
47 29 144
47 30 229
47 31 183
47 32 251
47 33 116
47 34 95
47 35 118
47 37 187
47 38 5
47 39 114
47 41 113
47 43 3
47 44 35
47 47 30
48 0 194
48 2 113
48 3 170
48 4 245
48 5 102
48 7 221
48 9 21
48 11 92
48 12 82
48 13 169
48 14 216
48 15 43
48 16 24
48 17 164
48 18 67
48 19 225
48 21 74
48 23 220
48 24 63
48 25 249
48 26 2
48 30 52
48 31 57
48 32 146
48 33 15
48 36 155
48 38 195
48 39 174
48 40 17
48 41 191
48 42 39
48 43 116
48 48 96
49 0 136
49 3 9
49 4 30
49 5 179
49 6 54
49 7 179
49 9 189
49 10 209
49 11 143
49 12 77
49 13 173
49 14 236
49 15 13
49 18 1
49 21 11
49 27 217
49 28 58
49 29 87
49 30 105
49 31 174
49 32 166
49 34 94
49 35 67
49 36 250
49 37 4
49 38 187
49 39 52
49 40 194
49 41 126
49 42 62
49 43 45
49 44 201
49 45 69
49 46 172
50 0 38
50 2 108
50 3 195
50 5 85
50 6 248
50 8 151
50 9 124
50 10 26
50 12 254
50 13 76
50 14 24
50 15 198
50 16 226
50 18 89
50 19 189
50 20 120
50 22 130
50 23 242
50 24 52
50 26 186
50 27 43
50 28 150
50 29 42
50 30 146
50 32 215
50 34 4
50 36 174
50 37 109
50 38 50
50 39 28
50 40 104
50 41 230
50 42 33
50 44 120
50 45 164
50 47 96
50 48 25
50 49 64
50 50 35
51 3 74
51 4 243
51 6 10
51 8 204
51 11 64
51 13 234
51 15 159
51 17 76
51 18 121
51 19 154
51 20 83
51 21 26
51 22 131
51 25 48
51 26 158
51 27 58
51 28 55
51 29 179
51 30 160
51 32 108
51 33 159
51 35 140
51 36 223
51 38 62
51 39 128
51 40 117
51 41 150
51 44 12
51 46 48
51 47 167
51 49 182
51 51 30
52 1 180
52 2 254
52 4 71
52 5 46
52 6 206
52 8 68
52 9 89
52 12 216
52 14 136
52 15 115
52 16 147
52 17 45
52 18 44
52 19 117
52 20 117
52 21 173
52 25 185
52 26 46
52 27 63
52 28 201
52 29 28
52 30 187
52 31 93
52 33 132
52 34 218
52 35 118
52 36 96
52 37 250
52 38 49
52 40 120
52 42 45
52 43 82
52 44 75
52 45 90
52 46 93
52 47 71
52 48 248
52 49 59
52 50 225
53 0 221
53 2 46
53 3 243
53 4 230
53 5 146
53 6 9
53 8 90
53 9 178
53 10 100
53 12 16
53 14 83
53 15 246
53 16 82
53 17 36
53 18 154
53 19 173
53 22 230
53 23 228
53 24 170
53 26 36
53 29 148
53 30 21
53 31 75
53 33 138
53 35 141
53 36 9
53 38 155
53 39 195
53 40 102
53 43 208
53 44 218
53 45 224
53 46 186
53 47 27
53 48 54
53 49 145
53 50 105
53 51 95
53 53 88
54 0 141
54 1 108
54 2 215
54 3 64
54 4 16
54 5 101
54 6 169
54 7 133
54 10 238
54 12 62
54 13 93
54 14 211
54 15 225
54 16 170
54 17 249
54 18 22
54 19 213
54 21 62
54 24 230
54 26 16
54 27 69
54 29 244
54 30 223
54 31 124
54 32 170
54 33 82
54 34 85
54 35 208
54 36 134
54 38 232
54 39 120
54 43 238
54 44 182
54 45 18
54 46 133
54 47 85
54 49 118
54 50 217
54 51 132
54 52 213
54 53 120
54 54 159
55 1 55
55 2 180
55 3 24
55 5 92
55 6 23
55 7 243
55 8 112
55 9 106
55 11 122
55 14 86
55 15 75
55 16 21
55 18 130
55 20 64
55 21 72
55 22 109
55 23 54
55 24 43
55 25 172
55 26 165
55 27 105
55 30 110
55 32 149
55 35 19
55 37 103
55 38 36
55 39 239
55 40 203
55 41 146
55 42 182
55 43 18
55 45 177
55 46 206
55 47 188
55 49 37
55 50 224
55 52 126
55 53 201
55 54 49
55 55 196
56 1 83
56 2 105
56 3 238
56 4 75
56 5 172
56 6 151
56 7 215
56 8 116
56 9 173
56 11 198
56 15 247
56 17 167
56 18 131
56 20 52
56 21 149
56 22 5
56 23 29
56 24 26
56 25 123
56 26 162
56 27 169
56 29 191
56 31 46
56 33 254
56 35 245
56 36 73
56 38 12
56 39 17
56 40 104
56 41 122
56 42 87
56 45 239
56 46 17
56 47 0
56 48 59
56 50 230
56 51 127
56 52 95
56 54 127
56 55 83
56 56 182
57 1 45
57 2 236
57 3 73
57 4 124
57 5 136
57 6 150
57 7 66
57 8 247
57 9 251
57 10 9
57 11 173
57 12 146
57 13 12
57 14 65
57 16 35
57 17 57
57 18 188
57 19 119
57 21 193
57 22 223
57 24 86
57 25 154
57 26 114
57 27 183
57 28 214
57 29 111
57 30 127
57 31 75
57 32 45
57 34 67
57 35 188
57 36 201
57 38 59
57 39 154
57 41 229
57 42 31
57 43 214
57 45 188
57 46 250
57 48 82
57 50 11
57 51 78
57 52 97
57 53 76
57 54 147
57 55 133
57 56 162
57 57 184
58 1 160
58 2 102
58 4 56
58 5 180
58 8 94
58 9 251
58 11 244
58 12 162
58 13 3
58 14 47
58 15 156
58 16 39
58 17 121
58 19 14
58 20 184
58 21 100
58 23 87
58 24 81
58 25 34
58 26 116
58 27 40
58 28 85
58 29 247
58 30 46
58 31 42
58 32 93
58 34 237
58 35 151
58 36 215
58 38 210
58 39 147
58 40 179
58 41 74
58 42 52
58 43 229
58 44 58
58 45 38
58 46 26
58 47 20
58 48 136
58 49 191
58 50 239
58 53 25
58 54 166
58 55 137
58 56 159
58 58 97
59 0 13
59 1 7
59 2 152
59 4 14
59 5 48
59 6 222
59 7 98
59 9 76
59 10 226
59 12 62
59 13 128
59 14 183
59 15 20
59 16 9
59 17 24
59 18 106
59 19 121
59 21 160
59 26 149
59 28 121
59 29 212
59 31 73
59 32 165
59 36 132
59 39 101
59 40 19
59 41 49
59 42 55
59 43 115
59 44 93
59 47 99
59 49 214
59 50 223
59 51 94
59 52 180
59 54 131
59 55 43
59 56 230
59 58 58
60 0 29
60 2 49
60 3 114
60 4 128
60 5 145
60 6 189
60 7 6
60 8 65
60 10 213
60 13 187
60 14 108
60 15 29
60 16 150
60 17 45
60 18 235
60 19 130
60 21 244
60 24 102
60 25 195
60 27 157
60 28 244
60 29 12
60 31 239
60 32 103
60 34 21
60 35 23
60 38 176
60 39 166
60 40 204
60 42 49
60 43 196
60 44 64
60 45 216
60 46 30
60 47 29
60 50 17
60 52 229
60 54 230
60 55 141
60 56 201
60 57 179
60 58 8
60 59 240
61 0 235
61 1 187
61 3 69
61 4 8
61 5 84
61 6 68
61 8 93
61 9 61
61 11 183
61 12 27
61 13 132
61 14 228
61 17 1
61 18 26
61 20 119
61 21 211
61 22 178
61 23 173
61 26 217
61 27 70
61 28 244
61 30 37
61 32 200
61 36 134
61 37 202
61 41 169
61 43 95
61 44 223
61 45 40
61 46 6
61 48 220
61 49 211
61 50 45
61 51 115
61 52 76
61 53 18
61 54 185
61 55 119
61 57 150
61 59 198
62 0 164
62 1 0
62 2 83
62 3 177
62 4 98
62 5 246
62 6 245
62 7 177
62 8 93
62 9 39
62 10 236
62 12 134
62 14 114
62 15 101
62 16 190
62 17 64
62 18 243
62 19 193
62 21 110
62 23 159
62 24 53
62 26 90
62 27 175
62 28 17
62 29 114
62 31 116
62 32 141
62 33 22
62 36 243
62 37 50
62 38 130
62 39 196
62 40 3
62 41 113
62 44 157
62 45 164
62 48 59
62 49 185
62 50 30
62 52 36
62 53 94
62 54 8
62 55 126
62 56 26
62 58 200
62 59 18
63 0 73
63 1 255
63 2 184
63 3 253
63 4 249
63 5 244
63 6 112
63 7 196
63 8 161
63 9 67
63 10 224
63 11 74
63 12 41
63 13 61
63 14 153
63 16 95
63 17 159
63 20 122
63 21 188
63 22 40
63 23 55
63 26 45
63 27 60
63 28 50
63 29 242
63 30 39
63 31 27
63 32 143
63 33 175
63 34 70
63 36 220
63 37 156
63 38 20
63 39 56
63 40 153
63 41 128
63 42 92
63 43 66
63 44 54
63 46 93
63 48 97
63 49 219
63 50 211
63 53 227
63 54 91
63 56 157
63 58 189
63 59 36
64 1 84
64 2 197
64 4 109
64 5 108
64 6 75
64 7 169
64 8 169
64 9 244
64 11 45
64 12 159
64 15 219
64 16 222
64 17 241
64 18 216
64 19 22
64 20 110
64 21 225
64 24 33
64 25 52
64 28 252
64 29 32
64 30 52
64 32 193
64 35 8
64 37 208
64 38 229
64 39 142
64 40 21
64 41 219
64 42 41
64 44 208
64 47 145
64 50 116
64 51 177
64 53 233
64 56 70
64 59 96
65 0 88
65 1 16
65 2 171
65 4 150
65 5 189
65 6 176
65 8 31
65 11 235
65 12 130
65 13 182
65 14 101
65 18 85
65 19 128
65 20 75
65 22 91
65 24 229
65 25 243
65 26 19
65 27 8
65 29 6
65 30 139
65 31 25
65 32 172
65 33 218
65 34 108
65 35 247
65 37 169
65 38 237
65 39 187
65 41 217
65 42 140
65 44 160
65 45 180
65 46 145
65 47 134
65 48 184
65 49 23
65 50 93
65 51 87
65 53 53
65 54 93
65 56 171
65 57 69
65 58 217
65 59 193
66 1 165
66 2 212
66 3 130
66 4 243
66 5 55
66 6 125
66 8 78
66 10 205
66 12 128
66 13 213
66 14 68
66 15 2
66 16 8
66 18 94
66 19 248
66 20 186
66 21 145
66 22 15
66 23 139
66 24 154
66 25 127
66 26 71
66 29 62
66 31 4
66 32 101
66 33 34
66 35 20
66 37 131
66 38 44
66 39 141
66 40 245
66 41 55
66 43 6
66 45 208
66 46 58
66 48 163
66 50 133
66 51 7
66 52 83
66 53 160
66 56 241
66 58 210
66 59 0
67 0 130
67 2 146
67 3 108
67 6 128
67 7 134
67 8 171
67 9 231
67 10 134
67 11 227
67 12 14
67 15 196
67 17 109
67 20 216
67 21 251
67 22 55
67 23 24
67 24 221
67 25 131
67 26 67
67 27 170
67 29 114
67 31 237
67 33 39
67 34 134
67 35 129
67 36 164
67 37 152
67 38 195
67 39 156
67 40 25
67 41 121
67 43 64
67 44 111
67 45 246
67 46 157
67 47 201
67 49 228
67 50 127
67 53 37
67 54 150
67 56 76
67 57 178
67 58 51
67 59 1
68 0 153
68 3 88
68 8 26
68 9 153
68 10 194
68 11 83
68 12 252
68 13 64
68 14 161
68 15 109
68 16 100
68 17 64
68 18 7
68 20 58
68 21 198
68 22 108
68 23 180
68 25 131
68 26 35
68 27 232
68 28 143
68 29 131
68 31 101
68 32 26
68 33 215
68 34 24
68 35 58
68 38 202
68 39 37
68 40 244
68 41 195
68 44 19
68 45 136
68 47 112
68 48 153
68 49 243
68 54 204
68 55 143
68 56 90
68 57 35
68 58 81
68 59 119
69 0 152
69 1 7
69 3 221
69 4 40
69 5 180
69 6 127
69 7 79
69 8 235
69 9 58
69 10 140
69 11 207
69 14 93
69 15 83
69 16 62
69 17 2
69 18 128
69 19 61
69 21 31
69 22 232
69 23 85
69 25 255
69 26 3
69 27 138
69 28 216
69 31 118
69 33 154
69 35 129
69 36 78
69 37 50
69 38 124
69 39 127
69 40 51
69 42 203
69 43 190
69 45 106
69 46 9
69 47 1
69 48 253
69 49 187
69 51 109
69 52 63
69 53 17
69 54 23
69 56 178
69 58 249
69 59 126
70 0 200
70 1 157
70 2 232
70 3 30
70 4 115
70 5 204
70 6 155
70 7 71
70 8 186
70 9 28
70 10 166
70 11 222
70 15 45
70 17 126
70 18 166
70 20 206
70 21 173
70 22 43
70 23 180
70 25 245
70 27 136
70 28 207
70 29 170
70 31 76
70 33 189
70 34 5
70 35 14
70 36 154
70 37 172
70 38 3
70 40 65
70 41 121
70 46 28
70 47 61
70 48 68
70 49 71
70 50 131
70 53 254
70 54 116
70 56 76
70 57 168
70 58 140
71 1 77
71 3 240
71 4 165
71 5 155
71 6 206
71 7 37
71 8 156
71 9 121
71 10 125
71 11 140
71 13 223
71 14 68
71 16 166
71 17 12
71 19 130
71 20 60
71 21 3
71 22 105
71 24 130
71 25 46
71 26 224
71 28 12
71 30 205
71 32 14
71 33 121
71 34 119
71 35 82
71 38 131
71 39 196
71 40 157
71 41 187
71 43 147
71 44 117
71 45 82
71 46 4
71 47 182
71 48 129
71 49 232
71 50 226
71 51 179
71 53 42
71 56 61
71 58 96
71 59 95
72 0 113
72 1 211
72 3 20
72 6 182
72 7 170
72 9 216
72 10 120
72 11 85
72 12 137
72 13 37
72 14 65
72 15 92
72 16 234
72 17 222
72 18 176
72 22 202
72 23 72
72 27 37
72 28 28
72 30 123
72 31 146
72 32 240
72 33 8
72 34 23
72 36 92
72 37 123
72 38 166
72 39 189
72 40 218
72 42 90
72 44 112
72 46 60
72 48 222
72 50 76
72 53 163
72 55 147
72 56 44
72 57 15
72 59 115
73 0 222
73 1 27
73 2 212
73 3 53
73 4 94
73 5 158
73 6 15
73 7 209
73 8 240
73 9 44
73 11 176
73 12 35
73 13 80
73 15 205
73 16 35
73 17 37
73 18 154
73 19 14
73 20 3
73 21 169
73 22 252
73 23 195
73 24 186
73 25 141
73 26 190
73 28 192
73 30 63
73 31 61
73 32 249
73 33 12
73 34 206
73 36 101
73 37 57
73 38 87
73 39 173
73 41 233
73 44 105
73 46 29
73 48 18
73 50 33
73 51 253
73 52 57
73 53 193
73 54 207
73 55 9
73 59 105
 2-dimensional array use 0.042ms
Transpose use 0.164ms
FastTranspose use 0.031ms
