Case 2-dimensional array :
0 0 87
0 1 0
0 2 0
0 3 0
0 4 0
0 5 0
0 6 0
1 0 77
1 1 213
1 2 0
1 3 0
1 4 0
1 5 0
1 6 0
2 0 0
2 1 0
2 2 32
2 3 0
2 4 0
2 5 0
2 6 0
3 0 221
3 1 23
3 2 0
3 3 96
3 4 0
3 5 0
3 6 0
4 0 6
4 1 170
4 2 0
4 3 18
4 4 99
4 5 0
4 6 0
5 0 0
5 1 174
5 2 213
5 3 67
5 4 0
5 5 105
5 6 0
6 0 172
6 1 233
6 2 7
6 3 51
6 4 194
6 5 0
6 6 71
7 0 128
7 1 0
7 2 201
7 3 70
7 4 0
7 5 152
7 6 168
8 0 0
8 1 68
8 2 0
8 3 183
8 4 0
8 5 173
8 6 8
Case Transpose :
0 0 87
1 0 77
1 1 213
2 2 32
3 0 221
3 1 23
3 3 96
4 0 6
4 1 170
4 3 18
4 4 99
5 1 174
5 2 213
5 3 67
5 5 105
6 0 172
6 1 233
6 2 7
6 3 51
6 4 194
6 6 71
7 0 128
7 2 201
7 3 70
7 5 152
7 6 168
8 1 68
8 3 183
8 5 173
8 6 8
Case FastTranspose :
0 0 87
1 0 77
1 1 213
2 2 32
3 0 221
3 1 23
3 3 96
4 0 6
4 1 170
4 3 18
4 4 99
5 1 174
5 2 213
5 3 67
5 5 105
6 0 172
6 1 233
6 2 7
6 3 51
6 4 194
6 6 71
7 0 128
7 2 201
7 3 70
7 5 152
7 6 168
8 1 68
8 3 183
8 5 173
8 6 8
 2-dimensional array use 0.006ms
Transpose use 0.001ms
FastTranspose use 0ms
